[0.720s] Invoking command in '/root/freefleet_ws/UR5_AMR_CL_4/build/robotic_arms_control': PYTHONPATH=/root/freefleet_ws/UR5_AMR_CL_4/build/robotic_arms_control/prefix_override:/usr/lib/python3/dist-packages/colcon_core/task/python/colcon_distutils_commands:/root/freefleet_ws/UR5_AMR_CL_4/install/robotic_arms_control/lib/python3.12/site-packages:${PYTHONPATH} /usr/bin/python3 -W ignore:setup.py install is deprecated -W ignore:easy_install command is deprecated setup.py develop --editable --build-directory /root/freefleet_ws/UR5_AMR_CL_4/build/robotic_arms_control/build --no-deps symlink_data
[1.008s] running develop
[1.200s] running egg_info
[1.217s] writing robotic_arms_control.egg-info/PKG-INFO
[1.218s] writing dependency_links to robotic_arms_control.egg-info/dependency_links.txt
[1.218s] writing entry points to robotic_arms_control.egg-info/entry_points.txt
[1.218s] writing requirements to robotic_arms_control.egg-info/requires.txt
[1.218s] writing top-level names to robotic_arms_control.egg-info/top_level.txt
[1.253s] reading manifest file 'robotic_arms_control.egg-info/SOURCES.txt'
[1.254s] writing manifest file 'robotic_arms_control.egg-info/SOURCES.txt'
[1.272s] running build_ext
[1.272s] Creating /root/freefleet_ws/UR5_AMR_CL_4/install/robotic_arms_control/lib/python3.12/site-packages/robotic-arms-control.egg-link (link to .)
[1.273s] Installing joint_state_controller_test script to /root/freefleet_ws/UR5_AMR_CL_4/install/robotic_arms_control/lib/robotic_arms_control
[1.273s] Installing jtc_multi_goals script to /root/freefleet_ws/UR5_AMR_CL_4/install/robotic_arms_control/lib/robotic_arms_control
[1.273s] Installing kinematic_solver_IK script to /root/freefleet_ws/UR5_AMR_CL_4/install/robotic_arms_control/lib/robotic_arms_control
[1.274s] Installing transform_publisher script to /root/freefleet_ws/UR5_AMR_CL_4/install/robotic_arms_control/lib/robotic_arms_control
[1.274s] 
[1.274s] Installed /root/freefleet_ws/UR5_AMR_CL_4/build/robotic_arms_control
[1.274s] running symlink_data
[1.299s] Invoked command in '/root/freefleet_ws/UR5_AMR_CL_4/build/robotic_arms_control' returned '0': PYTHONPATH=/root/freefleet_ws/UR5_AMR_CL_4/build/robotic_arms_control/prefix_override:/usr/lib/python3/dist-packages/colcon_core/task/python/colcon_distutils_commands:/root/freefleet_ws/UR5_AMR_CL_4/install/robotic_arms_control/lib/python3.12/site-packages:${PYTHONPATH} /usr/bin/python3 -W ignore:setup.py install is deprecated -W ignore:easy_install command is deprecated setup.py develop --editable --build-directory /root/freefleet_ws/UR5_AMR_CL_4/build/robotic_arms_control/build --no-deps symlink_data
