/root/freefleet_ws/UR5_AMR_CL_4/install/robotic_arms_control/lib/python3.12/site-packages/robotic_arms_control/__init__.py
/root/freefleet_ws/UR5_AMR_CL_4/install/robotic_arms_control/lib/python3.12/site-packages/robotic_arms_control/__pycache__/__init__.cpython-312.pyc
/root/freefleet_ws/UR5_AMR_CL_4/install/robotic_arms_control/share/ament_index/resource_index/packages/robotic_arms_control
/root/freefleet_ws/UR5_AMR_CL_4/install/robotic_arms_control/share/robotic_arms_control/package.xml
/root/freefleet_ws/UR5_AMR_CL_4/install/robotic_arms_control/share/robotic_arms_control/launch/controller_spawner_1.launch.py
/root/freefleet_ws/UR5_AMR_CL_4/install/robotic_arms_control/share/robotic_arms_control/launch/gazebo_bringup_ur5.launch.py
/root/freefleet_ws/UR5_AMR_CL_4/install/robotic_arms_control/share/robotic_arms_control/launch/rviz_bringup.launch.py
/root/freefleet_ws/UR5_AMR_CL_4/install/robotic_arms_control/share/robotic_arms_control/launch/controller_spawner_ur5.launch.py
/root/freefleet_ws/UR5_AMR_CL_4/install/robotic_arms_control/share/robotic_arms_control/urdf/ur5.urdf
/root/freefleet_ws/UR5_AMR_CL_4/install/robotic_arms_control/share/robotic_arms_control/urdf/ur51.urdf
/root/freefleet_ws/UR5_AMR_CL_4/install/robotic_arms_control/share/robotic_arms_control/urdf/ur5jointlimitedrobot.urdf
/root/freefleet_ws/UR5_AMR_CL_4/install/robotic_arms_control/share/robotic_arms_control/urdf/ur5robot.urdf
/root/freefleet_ws/UR5_AMR_CL_4/install/robotic_arms_control/share/robotic_arms_control/config/ur5_itc_controller.yaml
/root/freefleet_ws/UR5_AMR_CL_4/install/robotic_arms_control/share/robotic_arms_control/config/ur5_pos_controller.yaml
/root/freefleet_ws/UR5_AMR_CL_4/install/robotic_arms_control/lib/python3.12/site-packages/robotic_arms_control-0.0.0-py3.12.egg-info/dependency_links.txt
/root/freefleet_ws/UR5_AMR_CL_4/install/robotic_arms_control/lib/python3.12/site-packages/robotic_arms_control-0.0.0-py3.12.egg-info/zip-safe
/root/freefleet_ws/UR5_AMR_CL_4/install/robotic_arms_control/lib/python3.12/site-packages/robotic_arms_control-0.0.0-py3.12.egg-info/top_level.txt
/root/freefleet_ws/UR5_AMR_CL_4/install/robotic_arms_control/lib/python3.12/site-packages/robotic_arms_control-0.0.0-py3.12.egg-info/entry_points.txt
/root/freefleet_ws/UR5_AMR_CL_4/install/robotic_arms_control/lib/python3.12/site-packages/robotic_arms_control-0.0.0-py3.12.egg-info/PKG-INFO
/root/freefleet_ws/UR5_AMR_CL_4/install/robotic_arms_control/lib/python3.12/site-packages/robotic_arms_control-0.0.0-py3.12.egg-info/SOURCES.txt
/root/freefleet_ws/UR5_AMR_CL_4/install/robotic_arms_control/lib/python3.12/site-packages/robotic_arms_control-0.0.0-py3.12.egg-info/requires.txt
/root/freefleet_ws/UR5_AMR_CL_4/install/robotic_arms_control/lib/robotic_arms_control/joint_state_controller_test
/root/freefleet_ws/UR5_AMR_CL_4/install/robotic_arms_control/lib/robotic_arms_control/jtc_multi_goals
/root/freefleet_ws/UR5_AMR_CL_4/install/robotic_arms_control/lib/robotic_arms_control/kinematic_solver_IK
/root/freefleet_ws/UR5_AMR_CL_4/install/robotic_arms_control/lib/robotic_arms_control/transform_publisher
