[3.419s] Invoking command in '/root/freefleet_ws/UR5_AMR_CL_4/build/robotic_arms_control': PYTHONPATH=/root/freefleet_ws/UR5_AMR_CL_4/build/robotic_arms_control/prefix_override:/usr/lib/python3/dist-packages/colcon_core/task/python/colcon_distutils_commands:/root/freefleet_ws/UR5_AMR_CL_4/install/robotic_arms_control/lib/python3.12/site-packages:${PYTHONPATH} /usr/bin/python3 -W ignore:setup.py install is deprecated -W ignore:easy_install command is deprecated setup.py develop --editable --build-directory /root/freefleet_ws/UR5_AMR_CL_4/build/robotic_arms_control/build --no-deps symlink_data
[3.714s] running develop
[3.961s] running egg_info
[3.978s] writing robotic_arms_control.egg-info/PKG-INFO
[3.978s] writing dependency_links to robotic_arms_control.egg-info/dependency_links.txt
[3.978s] writing entry points to robotic_arms_control.egg-info/entry_points.txt
[3.978s] writing requirements to robotic_arms_control.egg-info/requires.txt
[3.978s] writing top-level names to robotic_arms_control.egg-info/top_level.txt
[4.012s] reading manifest file 'robotic_arms_control.egg-info/SOURCES.txt'
[4.014s] writing manifest file 'robotic_arms_control.egg-info/SOURCES.txt'
[4.031s] running build_ext
[4.031s] Creating /root/freefleet_ws/UR5_AMR_CL_4/install/robotic_arms_control/lib/python3.12/site-packages/robotic-arms-control.egg-link (link to .)
[4.032s] Installing joint_state_controller_test script to /root/freefleet_ws/UR5_AMR_CL_4/install/robotic_arms_control/lib/robotic_arms_control
[4.032s] Installing jtc_multi_goals script to /root/freefleet_ws/UR5_AMR_CL_4/install/robotic_arms_control/lib/robotic_arms_control
[4.032s] Installing kinematic_solver_IK script to /root/freefleet_ws/UR5_AMR_CL_4/install/robotic_arms_control/lib/robotic_arms_control
[4.032s] Installing transform_publisher script to /root/freefleet_ws/UR5_AMR_CL_4/install/robotic_arms_control/lib/robotic_arms_control
[4.033s] 
[4.033s] Installed /root/freefleet_ws/UR5_AMR_CL_4/build/robotic_arms_control
[4.033s] running symlink_data
[4.058s] Invoked command in '/root/freefleet_ws/UR5_AMR_CL_4/build/robotic_arms_control' returned '0': PYTHONPATH=/root/freefleet_ws/UR5_AMR_CL_4/build/robotic_arms_control/prefix_override:/usr/lib/python3/dist-packages/colcon_core/task/python/colcon_distutils_commands:/root/freefleet_ws/UR5_AMR_CL_4/install/robotic_arms_control/lib/python3.12/site-packages:${PYTHONPATH} /usr/bin/python3 -W ignore:setup.py install is deprecated -W ignore:easy_install command is deprecated setup.py develop --editable --build-directory /root/freefleet_ws/UR5_AMR_CL_4/build/robotic_arms_control/build --no-deps symlink_data
