running develop
running egg_info
writing robotic_arms_control.egg-info/PKG-INFO
writing dependency_links to robotic_arms_control.egg-info/dependency_links.txt
writing entry points to robotic_arms_control.egg-info/entry_points.txt
writing requirements to robotic_arms_control.egg-info/requires.txt
writing top-level names to robotic_arms_control.egg-info/top_level.txt
reading manifest file 'robotic_arms_control.egg-info/SOURCES.txt'
writing manifest file 'robotic_arms_control.egg-info/SOURCES.txt'
running build_ext
Creating /root/freefleet_ws/UR5_AMR_CL_4/install/robotic_arms_control/lib/python3.12/site-packages/robotic-arms-control.egg-link (link to .)
Installing joint_state_controller_test script to /root/freefleet_ws/UR5_AMR_CL_4/install/robotic_arms_control/lib/robotic_arms_control
Installing jtc_multi_goals script to /root/freefleet_ws/UR5_AMR_CL_4/install/robotic_arms_control/lib/robotic_arms_control
Installing kinematic_solver_IK script to /root/freefleet_ws/UR5_AMR_CL_4/install/robotic_arms_control/lib/robotic_arms_control
Installing transform_publisher script to /root/freefleet_ws/UR5_AMR_CL_4/install/robotic_arms_control/lib/robotic_arms_control

Installed /root/freefleet_ws/UR5_AMR_CL_4/build/robotic_arms_control
running symlink_data
symbolically linking /root/freefleet_ws/UR5_AMR_CL_4/build/robotic_arms_control/launch/controller_spawner_1.launch.py -> /root/freefleet_ws/UR5_AMR_CL_4/install/robotic_arms_control/share/robotic_arms_control/launch
symbolically linking /root/freefleet_ws/UR5_AMR_CL_4/build/robotic_arms_control/launch/gazebo_bringup_ur5.launch.py -> /root/freefleet_ws/UR5_AMR_CL_4/install/robotic_arms_control/share/robotic_arms_control/launch
symbolically linking /root/freefleet_ws/UR5_AMR_CL_4/build/robotic_arms_control/launch/rviz_bringup.launch.py -> /root/freefleet_ws/UR5_AMR_CL_4/install/robotic_arms_control/share/robotic_arms_control/launch
symbolically linking /root/freefleet_ws/UR5_AMR_CL_4/build/robotic_arms_control/launch/controller_spawner_ur5.launch.py -> /root/freefleet_ws/UR5_AMR_CL_4/install/robotic_arms_control/share/robotic_arms_control/launch
symbolically linking /root/freefleet_ws/UR5_AMR_CL_4/build/robotic_arms_control/urdf/ur5.urdf -> /root/freefleet_ws/UR5_AMR_CL_4/install/robotic_arms_control/share/robotic_arms_control/urdf
symbolically linking /root/freefleet_ws/UR5_AMR_CL_4/build/robotic_arms_control/urdf/ur51.urdf -> /root/freefleet_ws/UR5_AMR_CL_4/install/robotic_arms_control/share/robotic_arms_control/urdf
symbolically linking /root/freefleet_ws/UR5_AMR_CL_4/build/robotic_arms_control/urdf/ur5jointlimitedrobot.urdf -> /root/freefleet_ws/UR5_AMR_CL_4/install/robotic_arms_control/share/robotic_arms_control/urdf
symbolically linking /root/freefleet_ws/UR5_AMR_CL_4/build/robotic_arms_control/urdf/ur5robot.urdf -> /root/freefleet_ws/UR5_AMR_CL_4/install/robotic_arms_control/share/robotic_arms_control/urdf
symbolically linking /root/freefleet_ws/UR5_AMR_CL_4/build/robotic_arms_control/config/ur5_itc_controller.yaml -> /root/freefleet_ws/UR5_AMR_CL_4/install/robotic_arms_control/share/robotic_arms_control/config
symbolically linking /root/freefleet_ws/UR5_AMR_CL_4/build/robotic_arms_control/config/ur5_pos_controller.yaml -> /root/freefleet_ws/UR5_AMR_CL_4/install/robotic_arms_control/share/robotic_arms_control/config
