[0.818s] Invoking command in '/root/freefleet_ws/UR5_AMR_CL_4/build/robotic_arms_control': PYTHONPATH=/root/freefleet_ws/UR5_AMR_CL_4/build/robotic_arms_control/prefix_override:/usr/lib/python3/dist-packages/colcon_core/task/python/colcon_distutils_commands:/root/freefleet_ws/UR5_AMR_CL_4/install/robotic_arms_control/lib/python3.12/site-packages:${PYTHONPATH} /usr/bin/python3 -W ignore:setup.py install is deprecated -W ignore:easy_install command is deprecated setup.py develop --editable --build-directory /root/freefleet_ws/UR5_AMR_CL_4/build/robotic_arms_control/build --no-deps symlink_data
[1.131s] running develop
[1.323s] running egg_info
[1.341s] writing robotic_arms_control.egg-info/PKG-INFO
[1.341s] writing dependency_links to robotic_arms_control.egg-info/dependency_links.txt
[1.341s] writing entry points to robotic_arms_control.egg-info/entry_points.txt
[1.342s] writing requirements to robotic_arms_control.egg-info/requires.txt
[1.342s] writing top-level names to robotic_arms_control.egg-info/top_level.txt
[1.376s] reading manifest file 'robotic_arms_control.egg-info/SOURCES.txt'
[1.377s] writing manifest file 'robotic_arms_control.egg-info/SOURCES.txt'
[1.395s] running build_ext
[1.395s] Creating /root/freefleet_ws/UR5_AMR_CL_4/install/robotic_arms_control/lib/python3.12/site-packages/robotic-arms-control.egg-link (link to .)
[1.395s] Installing joint_state_controller_test script to /root/freefleet_ws/UR5_AMR_CL_4/install/robotic_arms_control/lib/robotic_arms_control
[1.395s] Installing jtc_multi_goals script to /root/freefleet_ws/UR5_AMR_CL_4/install/robotic_arms_control/lib/robotic_arms_control
[1.396s] Installing kinematic_solver_IK script to /root/freefleet_ws/UR5_AMR_CL_4/install/robotic_arms_control/lib/robotic_arms_control
[1.396s] Installing transform_publisher script to /root/freefleet_ws/UR5_AMR_CL_4/install/robotic_arms_control/lib/robotic_arms_control
[1.396s] 
[1.396s] Installed /root/freefleet_ws/UR5_AMR_CL_4/build/robotic_arms_control
[1.396s] running symlink_data
[1.396s] symbolically linking /root/freefleet_ws/UR5_AMR_CL_4/build/robotic_arms_control/launch/controller_spawner_1.launch.py -> /root/freefleet_ws/UR5_AMR_CL_4/install/robotic_arms_control/share/robotic_arms_control/launch
[1.397s] symbolically linking /root/freefleet_ws/UR5_AMR_CL_4/build/robotic_arms_control/launch/gazebo_bringup_ur5.launch.py -> /root/freefleet_ws/UR5_AMR_CL_4/install/robotic_arms_control/share/robotic_arms_control/launch
[1.397s] symbolically linking /root/freefleet_ws/UR5_AMR_CL_4/build/robotic_arms_control/launch/rviz_bringup.launch.py -> /root/freefleet_ws/UR5_AMR_CL_4/install/robotic_arms_control/share/robotic_arms_control/launch
[1.397s] symbolically linking /root/freefleet_ws/UR5_AMR_CL_4/build/robotic_arms_control/launch/controller_spawner_ur5.launch.py -> /root/freefleet_ws/UR5_AMR_CL_4/install/robotic_arms_control/share/robotic_arms_control/launch
[1.397s] symbolically linking /root/freefleet_ws/UR5_AMR_CL_4/build/robotic_arms_control/urdf/ur5.urdf -> /root/freefleet_ws/UR5_AMR_CL_4/install/robotic_arms_control/share/robotic_arms_control/urdf
[1.397s] symbolically linking /root/freefleet_ws/UR5_AMR_CL_4/build/robotic_arms_control/urdf/ur51.urdf -> /root/freefleet_ws/UR5_AMR_CL_4/install/robotic_arms_control/share/robotic_arms_control/urdf
[1.397s] symbolically linking /root/freefleet_ws/UR5_AMR_CL_4/build/robotic_arms_control/urdf/ur5jointlimitedrobot.urdf -> /root/freefleet_ws/UR5_AMR_CL_4/install/robotic_arms_control/share/robotic_arms_control/urdf
[1.397s] symbolically linking /root/freefleet_ws/UR5_AMR_CL_4/build/robotic_arms_control/urdf/ur5robot.urdf -> /root/freefleet_ws/UR5_AMR_CL_4/install/robotic_arms_control/share/robotic_arms_control/urdf
[1.397s] symbolically linking /root/freefleet_ws/UR5_AMR_CL_4/build/robotic_arms_control/config/ur5_itc_controller.yaml -> /root/freefleet_ws/UR5_AMR_CL_4/install/robotic_arms_control/share/robotic_arms_control/config
[1.397s] symbolically linking /root/freefleet_ws/UR5_AMR_CL_4/build/robotic_arms_control/config/ur5_pos_controller.yaml -> /root/freefleet_ws/UR5_AMR_CL_4/install/robotic_arms_control/share/robotic_arms_control/config
[1.422s] Invoked command in '/root/freefleet_ws/UR5_AMR_CL_4/build/robotic_arms_control' returned '0': PYTHONPATH=/root/freefleet_ws/UR5_AMR_CL_4/build/robotic_arms_control/prefix_override:/usr/lib/python3/dist-packages/colcon_core/task/python/colcon_distutils_commands:/root/freefleet_ws/UR5_AMR_CL_4/install/robotic_arms_control/lib/python3.12/site-packages:${PYTHONPATH} /usr/bin/python3 -W ignore:setup.py install is deprecated -W ignore:easy_install command is deprecated setup.py develop --editable --build-directory /root/freefleet_ws/UR5_AMR_CL_4/build/robotic_arms_control/build --no-deps symlink_data
