running develop
running egg_info
creating robotic_arms_control.egg-info
writing robotic_arms_control.egg-info/PKG-INFO
writing dependency_links to robotic_arms_control.egg-info/dependency_links.txt
writing entry points to robotic_arms_control.egg-info/entry_points.txt
writing requirements to robotic_arms_control.egg-info/requires.txt
writing top-level names to robotic_arms_control.egg-info/top_level.txt
writing manifest file 'robotic_arms_control.egg-info/SOURCES.txt'
reading manifest file 'robotic_arms_control.egg-info/SOURCES.txt'
writing manifest file 'robotic_arms_control.egg-info/SOURCES.txt'
running build_ext
Creating /root/freefleet_ws/UR5_AMR_CL_4/install/robotic_arms_control/lib/python3.12/site-packages/robotic-arms-control.egg-link (link to .)
Installing joint_state_controller_test script to /root/freefleet_ws/UR5_AMR_CL_4/install/robotic_arms_control/lib/robotic_arms_control
Installing jtc_multi_goals script to /root/freefleet_ws/UR5_AMR_CL_4/install/robotic_arms_control/lib/robotic_arms_control
Installing kinematic_solver_IK script to /root/freefleet_ws/UR5_AMR_CL_4/install/robotic_arms_control/lib/robotic_arms_control
Installing transform_publisher script to /root/freefleet_ws/UR5_AMR_CL_4/install/robotic_arms_control/lib/robotic_arms_control

Installed /root/freefleet_ws/UR5_AMR_CL_4/build/robotic_arms_control
running symlink_data
creating /root/freefleet_ws/UR5_AMR_CL_4/install/robotic_arms_control/share/ament_index
creating /root/freefleet_ws/UR5_AMR_CL_4/install/robotic_arms_control/share/ament_index/resource_index
creating /root/freefleet_ws/UR5_AMR_CL_4/install/robotic_arms_control/share/ament_index/resource_index/packages
symbolically linking /root/freefleet_ws/UR5_AMR_CL_4/build/robotic_arms_control/resource/robotic_arms_control -> /root/freefleet_ws/UR5_AMR_CL_4/install/robotic_arms_control/share/ament_index/resource_index/packages
symbolically linking /root/freefleet_ws/UR5_AMR_CL_4/build/robotic_arms_control/package.xml -> /root/freefleet_ws/UR5_AMR_CL_4/install/robotic_arms_control/share/robotic_arms_control
creating /root/freefleet_ws/UR5_AMR_CL_4/install/robotic_arms_control/share/robotic_arms_control/launch
creating /root/freefleet_ws/UR5_AMR_CL_4/install/robotic_arms_control/share/robotic_arms_control/urdf
creating /root/freefleet_ws/UR5_AMR_CL_4/install/robotic_arms_control/share/robotic_arms_control/config
