[0.085s] DEBUG:colcon:Command line arguments: ['/usr/bin/colcon', 'build', '--symlink-install']
[0.085s] DEBUG:colcon:Parsed command line arguments: Namespace(log_base=None, log_level=None, verb_name='build', build_base='build', install_base='install', merge_install=False, symlink_install=True, test_result_base=None, continue_on_error=False, executor='parallel', parallel_workers=16, event_handlers=None, ignore_user_meta=False, metas=['./colcon.meta'], base_paths=['.'], packages_ignore=None, packages_ignore_regex=None, paths=None, packages_up_to=None, packages_up_to_regex=None, packages_above=None, packages_above_and_dependencies=None, packages_above_depth=None, packages_select_by_dep=None, packages_skip_by_dep=None, packages_skip_up_to=None, packages_select_build_failed=False, packages_skip_build_finished=False, packages_select_test_failures=False, packages_skip_test_passed=False, packages_select=None, packages_skip=None, packages_select_regex=None, packages_skip_regex=None, packages_start=None, packages_end=None, allow_overriding=[], cmake_args=None, cmake_target=None, cmake_target_skip_unavailable=False, cmake_clean_cache=False, cmake_clean_first=False, cmake_force_configure=False, ament_cmake_args=None, catkin_cmake_args=None, catkin_skip_building_tests=False, verb_parser=<colcon_defaults.argument_parser.defaults.DefaultArgumentsDecorator object at 0x751e3f2b2870>, verb_extension=<colcon_core.verb.build.BuildVerb object at 0x751e3f2b26f0>, main=<bound method BuildVerb.main of <colcon_core.verb.build.BuildVerb object at 0x751e3f2b26f0>>)
[0.117s] Level 1:colcon.colcon_core.package_discovery:discover_packages(colcon_meta) check parameters
[0.117s] Level 1:colcon.colcon_core.package_discovery:discover_packages(recursive) check parameters
[0.117s] Level 1:colcon.colcon_core.package_discovery:discover_packages(ignore) check parameters
[0.117s] Level 1:colcon.colcon_core.package_discovery:discover_packages(path) check parameters
[0.117s] Level 1:colcon.colcon_core.package_discovery:discover_packages(colcon_meta) discover
[0.117s] Level 1:colcon.colcon_core.package_discovery:discover_packages(recursive) discover
[0.117s] INFO:colcon.colcon_core.package_discovery:Crawling recursively for packages in '/root/freefleet_ws/UR5_AMR_CL_4'
[0.117s] Level 1:colcon.colcon_core.package_identification:_identify(.) by extensions ['ignore', 'ignore_ament_install']
[0.117s] Level 1:colcon.colcon_core.package_identification:_identify(.) by extension 'ignore'
[0.117s] Level 1:colcon.colcon_core.package_identification:_identify(.) by extension 'ignore_ament_install'
[0.117s] Level 1:colcon.colcon_core.package_identification:_identify(.) by extensions ['colcon_pkg']
[0.117s] Level 1:colcon.colcon_core.package_identification:_identify(.) by extension 'colcon_pkg'
[0.117s] Level 1:colcon.colcon_core.package_identification:_identify(.) by extensions ['colcon_meta']
[0.117s] Level 1:colcon.colcon_core.package_identification:_identify(.) by extension 'colcon_meta'
[0.117s] Level 1:colcon.colcon_core.package_identification:_identify(.) by extensions ['ros']
[0.117s] Level 1:colcon.colcon_core.package_identification:_identify(.) by extension 'ros'
[0.136s] Level 1:colcon.colcon_core.package_identification:_identify(.) by extensions ['cmake', 'python']
[0.136s] Level 1:colcon.colcon_core.package_identification:_identify(.) by extension 'cmake'
[0.136s] Level 1:colcon.colcon_core.package_identification:_identify(.) by extension 'python'
[0.136s] Level 1:colcon.colcon_core.package_identification:_identify(.) by extensions ['python_setup_py']
[0.136s] Level 1:colcon.colcon_core.package_identification:_identify(.) by extension 'python_setup_py'
[0.136s] Level 1:colcon.colcon_core.package_identification:_identify(build) by extensions ['ignore', 'ignore_ament_install']
[0.136s] Level 1:colcon.colcon_core.package_identification:_identify(build) by extension 'ignore'
[0.136s] Level 1:colcon.colcon_core.package_identification:_identify(build) ignored
[0.137s] Level 1:colcon.colcon_core.package_identification:_identify(install) by extensions ['ignore', 'ignore_ament_install']
[0.137s] Level 1:colcon.colcon_core.package_identification:_identify(install) by extension 'ignore'
[0.137s] Level 1:colcon.colcon_core.package_identification:_identify(install) ignored
[0.137s] Level 1:colcon.colcon_core.package_identification:_identify(log) by extensions ['ignore', 'ignore_ament_install']
[0.137s] Level 1:colcon.colcon_core.package_identification:_identify(log) by extension 'ignore'
[0.137s] Level 1:colcon.colcon_core.package_identification:_identify(log) ignored
[0.137s] Level 1:colcon.colcon_core.package_identification:_identify(src) by extensions ['ignore', 'ignore_ament_install']
[0.137s] Level 1:colcon.colcon_core.package_identification:_identify(src) by extension 'ignore'
[0.137s] Level 1:colcon.colcon_core.package_identification:_identify(src) by extension 'ignore_ament_install'
[0.137s] Level 1:colcon.colcon_core.package_identification:_identify(src) by extensions ['colcon_pkg']
[0.137s] Level 1:colcon.colcon_core.package_identification:_identify(src) by extension 'colcon_pkg'
[0.137s] Level 1:colcon.colcon_core.package_identification:_identify(src) by extensions ['colcon_meta']
[0.137s] Level 1:colcon.colcon_core.package_identification:_identify(src) by extension 'colcon_meta'
[0.137s] Level 1:colcon.colcon_core.package_identification:_identify(src) by extensions ['ros']
[0.137s] Level 1:colcon.colcon_core.package_identification:_identify(src) by extension 'ros'
[0.137s] Level 1:colcon.colcon_core.package_identification:_identify(src) by extensions ['cmake', 'python']
[0.137s] Level 1:colcon.colcon_core.package_identification:_identify(src) by extension 'cmake'
[0.137s] Level 1:colcon.colcon_core.package_identification:_identify(src) by extension 'python'
[0.137s] Level 1:colcon.colcon_core.package_identification:_identify(src) by extensions ['python_setup_py']
[0.137s] Level 1:colcon.colcon_core.package_identification:_identify(src) by extension 'python_setup_py'
[0.138s] Level 1:colcon.colcon_core.package_identification:_identify(src/robotic_arms_control) by extensions ['ignore', 'ignore_ament_install']
[0.138s] Level 1:colcon.colcon_core.package_identification:_identify(src/robotic_arms_control) by extension 'ignore'
[0.138s] Level 1:colcon.colcon_core.package_identification:_identify(src/robotic_arms_control) by extension 'ignore_ament_install'
[0.138s] Level 1:colcon.colcon_core.package_identification:_identify(src/robotic_arms_control) by extensions ['colcon_pkg']
[0.138s] Level 1:colcon.colcon_core.package_identification:_identify(src/robotic_arms_control) by extension 'colcon_pkg'
[0.138s] Level 1:colcon.colcon_core.package_identification:_identify(src/robotic_arms_control) by extensions ['colcon_meta']
[0.138s] Level 1:colcon.colcon_core.package_identification:_identify(src/robotic_arms_control) by extension 'colcon_meta'
[0.138s] Level 1:colcon.colcon_core.package_identification:_identify(src/robotic_arms_control) by extensions ['ros']
[0.138s] Level 1:colcon.colcon_core.package_identification:_identify(src/robotic_arms_control) by extension 'ros'
[0.139s] DEBUG:colcon.colcon_core.package_identification:Package 'src/robotic_arms_control' with type 'ros.ament_python' and name 'robotic_arms_control'
[0.140s] Level 1:colcon.colcon_core.package_discovery:discover_packages(recursive) using defaults
[0.140s] Level 1:colcon.colcon_core.package_discovery:discover_packages(ignore) discover
[0.140s] Level 1:colcon.colcon_core.package_discovery:discover_packages(ignore) using defaults
[0.140s] Level 1:colcon.colcon_core.package_discovery:discover_packages(path) discover
[0.140s] Level 1:colcon.colcon_core.package_discovery:discover_packages(path) using defaults
[0.153s] Level 1:colcon.colcon_core.package_discovery:discover_packages(prefix_path) check parameters
[0.153s] Level 1:colcon.colcon_core.package_discovery:discover_packages(prefix_path) discover
[0.155s] DEBUG:colcon.colcon_installed_package_information.package_discovery:Found 1 installed packages in /root/freefleet_ws/UR5_AMR_CL_4/install
[0.155s] DEBUG:colcon.colcon_installed_package_information.package_discovery:Found 1 installed packages in /root/freefleet_ws/UR5_AMR_CL_2/install
[0.157s] DEBUG:colcon.colcon_installed_package_information.package_discovery:Found 389 installed packages in /opt/ros/jazzy
[0.158s] Level 1:colcon.colcon_core.package_discovery:discover_packages(prefix_path) using defaults
[0.203s] Level 5:colcon.colcon_core.verb:set package 'robotic_arms_control' build argument 'cmake_args' from command line to 'None'
[0.203s] Level 5:colcon.colcon_core.verb:set package 'robotic_arms_control' build argument 'cmake_target' from command line to 'None'
[0.203s] Level 5:colcon.colcon_core.verb:set package 'robotic_arms_control' build argument 'cmake_target_skip_unavailable' from command line to 'False'
[0.203s] Level 5:colcon.colcon_core.verb:set package 'robotic_arms_control' build argument 'cmake_clean_cache' from command line to 'False'
[0.203s] Level 5:colcon.colcon_core.verb:set package 'robotic_arms_control' build argument 'cmake_clean_first' from command line to 'False'
[0.203s] Level 5:colcon.colcon_core.verb:set package 'robotic_arms_control' build argument 'cmake_force_configure' from command line to 'False'
[0.203s] Level 5:colcon.colcon_core.verb:set package 'robotic_arms_control' build argument 'ament_cmake_args' from command line to 'None'
[0.203s] Level 5:colcon.colcon_core.verb:set package 'robotic_arms_control' build argument 'catkin_cmake_args' from command line to 'None'
[0.203s] Level 5:colcon.colcon_core.verb:set package 'robotic_arms_control' build argument 'catkin_skip_building_tests' from command line to 'False'
[0.203s] DEBUG:colcon.colcon_core.verb:Building package 'robotic_arms_control' with the following arguments: {'ament_cmake_args': None, 'build_base': '/root/freefleet_ws/UR5_AMR_CL_4/build/robotic_arms_control', 'catkin_cmake_args': None, 'catkin_skip_building_tests': False, 'cmake_args': None, 'cmake_clean_cache': False, 'cmake_clean_first': False, 'cmake_force_configure': False, 'cmake_target': None, 'cmake_target_skip_unavailable': False, 'install_base': '/root/freefleet_ws/UR5_AMR_CL_4/install/robotic_arms_control', 'merge_install': False, 'path': '/root/freefleet_ws/UR5_AMR_CL_4/src/robotic_arms_control', 'symlink_install': True, 'test_result_base': None}
[0.203s] INFO:colcon.colcon_core.executor:Executing jobs using 'parallel' executor
[0.204s] DEBUG:colcon.colcon_parallel_executor.executor.parallel:run_until_complete
[0.204s] INFO:colcon.colcon_ros.task.ament_python.build:Building ROS package in '/root/freefleet_ws/UR5_AMR_CL_4/src/robotic_arms_control' with build type 'ament_python'
[0.204s] Level 1:colcon.colcon_core.shell:create_environment_hook('robotic_arms_control', 'ament_prefix_path')
[0.206s] INFO:colcon.colcon_core.plugin_system:Skipping extension 'colcon_core.shell.bat': Not used on non-Windows systems
[0.206s] INFO:colcon.colcon_core.shell:Creating environment hook '/root/freefleet_ws/UR5_AMR_CL_4/install/robotic_arms_control/share/robotic_arms_control/hook/ament_prefix_path.ps1'
[0.207s] INFO:colcon.colcon_core.shell:Creating environment descriptor '/root/freefleet_ws/UR5_AMR_CL_4/install/robotic_arms_control/share/robotic_arms_control/hook/ament_prefix_path.dsv'
[0.207s] INFO:colcon.colcon_core.shell:Creating environment hook '/root/freefleet_ws/UR5_AMR_CL_4/install/robotic_arms_control/share/robotic_arms_control/hook/ament_prefix_path.sh'
[0.208s] INFO:colcon.colcon_core.shell:Skip shell extension 'powershell' for command environment: Not usable outside of PowerShell
[0.208s] DEBUG:colcon.colcon_core.shell:Skip shell extension 'dsv' for command environment
[0.388s] INFO:colcon.colcon_core.task.python.build:Building Python package in '/root/freefleet_ws/UR5_AMR_CL_4/src/robotic_arms_control'
[0.388s] INFO:colcon.colcon_core.shell:Skip shell extension 'powershell' for command environment: Not usable outside of PowerShell
[0.388s] DEBUG:colcon.colcon_core.shell:Skip shell extension 'dsv' for command environment
[0.925s] DEBUG:colcon.colcon_core.event_handler.log_command:Invoking command in '/root/freefleet_ws/UR5_AMR_CL_4/build/robotic_arms_control': PYTHONPATH=/root/freefleet_ws/UR5_AMR_CL_4/build/robotic_arms_control/prefix_override:/usr/lib/python3/dist-packages/colcon_core/task/python/colcon_distutils_commands:/root/freefleet_ws/UR5_AMR_CL_4/install/robotic_arms_control/lib/python3.12/site-packages:${PYTHONPATH} /usr/bin/python3 -W ignore:setup.py install is deprecated -W ignore:easy_install command is deprecated setup.py develop --editable --build-directory /root/freefleet_ws/UR5_AMR_CL_4/build/robotic_arms_control/build --no-deps symlink_data
[1.503s] Level 1:colcon.colcon_core.shell:create_environment_hook('robotic_arms_control', 'pythonpath_develop')
[1.503s] INFO:colcon.colcon_core.shell:Creating environment hook '/root/freefleet_ws/UR5_AMR_CL_4/build/robotic_arms_control/share/robotic_arms_control/hook/pythonpath_develop.ps1'
[1.503s] DEBUG:colcon.colcon_core.event_handler.log_command:Invoked command in '/root/freefleet_ws/UR5_AMR_CL_4/build/robotic_arms_control' returned '0': PYTHONPATH=/root/freefleet_ws/UR5_AMR_CL_4/build/robotic_arms_control/prefix_override:/usr/lib/python3/dist-packages/colcon_core/task/python/colcon_distutils_commands:/root/freefleet_ws/UR5_AMR_CL_4/install/robotic_arms_control/lib/python3.12/site-packages:${PYTHONPATH} /usr/bin/python3 -W ignore:setup.py install is deprecated -W ignore:easy_install command is deprecated setup.py develop --editable --build-directory /root/freefleet_ws/UR5_AMR_CL_4/build/robotic_arms_control/build --no-deps symlink_data
[1.504s] INFO:colcon.colcon_core.shell:Creating environment descriptor '/root/freefleet_ws/UR5_AMR_CL_4/build/robotic_arms_control/share/robotic_arms_control/hook/pythonpath_develop.dsv'
[1.504s] INFO:colcon.colcon_core.shell:Creating environment hook '/root/freefleet_ws/UR5_AMR_CL_4/build/robotic_arms_control/share/robotic_arms_control/hook/pythonpath_develop.sh'
[1.507s] Level 1:colcon.colcon_core.environment:checking '/root/freefleet_ws/UR5_AMR_CL_4/install/robotic_arms_control' for CMake module files
[1.507s] Level 1:colcon.colcon_core.environment:checking '/root/freefleet_ws/UR5_AMR_CL_4/install/robotic_arms_control' for CMake config files
[1.508s] Level 1:colcon.colcon_core.environment:checking '/root/freefleet_ws/UR5_AMR_CL_4/install/robotic_arms_control/lib'
[1.508s] Level 1:colcon.colcon_core.environment:checking '/root/freefleet_ws/UR5_AMR_CL_4/install/robotic_arms_control/bin'
[1.508s] Level 1:colcon.colcon_core.environment:checking '/root/freefleet_ws/UR5_AMR_CL_4/install/robotic_arms_control/lib/pkgconfig/robotic_arms_control.pc'
[1.508s] Level 1:colcon.colcon_core.environment:checking '/root/freefleet_ws/UR5_AMR_CL_4/install/robotic_arms_control/lib/python3.12/site-packages'
[1.508s] Level 1:colcon.colcon_core.shell:create_environment_hook('robotic_arms_control', 'pythonpath')
[1.508s] INFO:colcon.colcon_core.shell:Creating environment hook '/root/freefleet_ws/UR5_AMR_CL_4/install/robotic_arms_control/share/robotic_arms_control/hook/pythonpath.ps1'
[1.509s] INFO:colcon.colcon_core.shell:Creating environment descriptor '/root/freefleet_ws/UR5_AMR_CL_4/install/robotic_arms_control/share/robotic_arms_control/hook/pythonpath.dsv'
[1.509s] INFO:colcon.colcon_core.shell:Creating environment hook '/root/freefleet_ws/UR5_AMR_CL_4/install/robotic_arms_control/share/robotic_arms_control/hook/pythonpath.sh'
[1.509s] Level 1:colcon.colcon_core.environment:checking '/root/freefleet_ws/UR5_AMR_CL_4/install/robotic_arms_control/bin'
[1.509s] Level 1:colcon.colcon_core.environment:create_environment_scripts_only(robotic_arms_control)
[1.510s] INFO:colcon.colcon_core.shell:Creating package script '/root/freefleet_ws/UR5_AMR_CL_4/install/robotic_arms_control/share/robotic_arms_control/package.ps1'
[1.510s] INFO:colcon.colcon_core.shell:Creating package descriptor '/root/freefleet_ws/UR5_AMR_CL_4/install/robotic_arms_control/share/robotic_arms_control/package.dsv'
[1.511s] INFO:colcon.colcon_core.shell:Creating package script '/root/freefleet_ws/UR5_AMR_CL_4/install/robotic_arms_control/share/robotic_arms_control/package.sh'
[1.511s] INFO:colcon.colcon_core.shell:Creating package script '/root/freefleet_ws/UR5_AMR_CL_4/install/robotic_arms_control/share/robotic_arms_control/package.bash'
[1.512s] INFO:colcon.colcon_core.shell:Creating package script '/root/freefleet_ws/UR5_AMR_CL_4/install/robotic_arms_control/share/robotic_arms_control/package.zsh'
[1.512s] Level 1:colcon.colcon_core.environment:create_file_with_runtime_dependencies(/root/freefleet_ws/UR5_AMR_CL_4/install/robotic_arms_control/share/colcon-core/packages/robotic_arms_control)
[1.512s] DEBUG:colcon.colcon_parallel_executor.executor.parallel:closing loop
[1.512s] DEBUG:colcon.colcon_parallel_executor.executor.parallel:loop closed
[1.513s] DEBUG:colcon.colcon_parallel_executor.executor.parallel:run_until_complete finished with '0'
[1.513s] DEBUG:colcon.colcon_core.event_reactor:joining thread
[1.517s] INFO:colcon.colcon_core.plugin_system:Skipping extension 'colcon_notification.desktop_notification.notify_send': Could not find 'notify-send'
[1.517s] INFO:colcon.colcon_core.plugin_system:Skipping extension 'colcon_notification.desktop_notification.terminal_notifier': Not used on non-Darwin systems
[1.517s] INFO:colcon.colcon_core.plugin_system:Skipping extension 'colcon_notification.desktop_notification.win32': Not used on non-Windows systems
[1.517s] INFO:colcon.colcon_notification.desktop_notification:Sending desktop notification using 'notify2'
[1.520s] DEBUG:colcon.colcon_notification.desktop_notification.notify2:Failed to initialize notify2: org.freedesktop.DBus.Error.Spawn.ExecFailed: /usr/bin/dbus-launch terminated abnormally without any error message
[1.520s] DEBUG:colcon.colcon_core.event_reactor:joined thread
[1.520s] INFO:colcon.colcon_core.shell:Creating prefix script '/root/freefleet_ws/UR5_AMR_CL_4/install/local_setup.ps1'
[1.521s] INFO:colcon.colcon_core.shell:Creating prefix util module '/root/freefleet_ws/UR5_AMR_CL_4/install/_local_setup_util_ps1.py'
[1.522s] INFO:colcon.colcon_core.shell:Creating prefix chain script '/root/freefleet_ws/UR5_AMR_CL_4/install/setup.ps1'
[1.523s] INFO:colcon.colcon_core.shell:Creating prefix script '/root/freefleet_ws/UR5_AMR_CL_4/install/local_setup.sh'
[1.524s] INFO:colcon.colcon_core.shell:Creating prefix util module '/root/freefleet_ws/UR5_AMR_CL_4/install/_local_setup_util_sh.py'
[1.524s] INFO:colcon.colcon_core.shell:Creating prefix chain script '/root/freefleet_ws/UR5_AMR_CL_4/install/setup.sh'
[1.525s] INFO:colcon.colcon_core.shell:Creating prefix script '/root/freefleet_ws/UR5_AMR_CL_4/install/local_setup.bash'
[1.525s] INFO:colcon.colcon_core.shell:Creating prefix chain script '/root/freefleet_ws/UR5_AMR_CL_4/install/setup.bash'
[1.526s] INFO:colcon.colcon_core.shell:Creating prefix script '/root/freefleet_ws/UR5_AMR_CL_4/install/local_setup.zsh'
[1.526s] INFO:colcon.colcon_core.shell:Creating prefix chain script '/root/freefleet_ws/UR5_AMR_CL_4/install/setup.zsh'
