[0.000000] (-) TimerEvent: {}
[0.000100] (robotic_arms_control) JobQueued: {'identifier': 'robotic_arms_control', 'dependencies': OrderedDict()}
[0.000124] (robotic_arms_control) JobStarted: {'identifier': 'robotic_arms_control'}
[0.099528] (-) TimerEvent: {}
[0.199739] (-) TimerEvent: {}
[0.299927] (-) TimerEvent: {}
[0.400144] (-) TimerEvent: {}
[0.500351] (-) TimerEvent: {}
[0.600548] (-) TimerEvent: {}
[0.694319] (robotic_arms_control) Command: {'cmd': ['/usr/bin/python3', '-W', 'ignore:setup.py install is deprecated', '-W', 'ignore:easy_install command is deprecated', 'setup.py', 'develop', '--uninstall', '--editable', '--build-directory', '/root/freefleet_ws/UR5_AMR_CL_4/build/robotic_arms_control/build'], 'cwd': '/root/freefleet_ws/UR5_AMR_CL_4/build/robotic_arms_control', 'env': {'GZ_SIM_RESOURCE_PATH': '/opt/ros/jazzy/share', 'GZ_CONFIG_PATH': '/opt/ros/jazzy/opt/gz_sim_vendor/share/gz:/opt/ros/jazzy/opt/sdformat_vendor/share/gz:/opt/ros/jazzy/opt/gz_gui_vendor/share/gz:/opt/ros/jazzy/opt/gz_transport_vendor/share/gz:/opt/ros/jazzy/opt/gz_rendering_vendor/share/gz:/opt/ros/jazzy/opt/gz_plugin_vendor/share/gz:/opt/ros/jazzy/opt/gz_fuel_tools_vendor/share/gz:/opt/ros/jazzy/opt/gz_msgs_vendor/share/gz:/opt/ros/jazzy/opt/gz_common_vendor/share/gz', 'HOSTNAME': 'vishal-IdeaPad-Gaming-3-15ACH6', 'SHLVL': '1', 'LD_LIBRARY_PATH': '/opt/ros/jazzy/opt/gz_sim_vendor/lib:/opt/ros/jazzy/opt/gz_sensors_vendor/lib:/opt/ros/jazzy/opt/gz_physics_vendor/lib:/opt/ros/jazzy/opt/sdformat_vendor/lib:/opt/ros/jazzy/opt/rviz_ogre_vendor/lib:/opt/ros/jazzy/lib/x86_64-linux-gnu:/opt/ros/jazzy/opt/gz_gui_vendor/lib:/opt/ros/jazzy/opt/gz_transport_vendor/lib:/opt/ros/jazzy/opt/gz_rendering_vendor/lib:/opt/ros/jazzy/opt/gz_plugin_vendor/lib:/opt/ros/jazzy/opt/gz_fuel_tools_vendor/lib:/opt/ros/jazzy/opt/gz_msgs_vendor/lib:/opt/ros/jazzy/opt/gz_common_vendor/lib:/opt/ros/jazzy/opt/gz_math_vendor/lib:/opt/ros/jazzy/opt/gz_utils_vendor/lib:/opt/ros/jazzy/opt/gz_tools_vendor/lib:/opt/ros/jazzy/opt/gz_ogre_next_vendor/lib:/opt/ros/jazzy/opt/gz_dartsim_vendor/lib:/opt/ros/jazzy/opt/gz_cmake_vendor/lib:/opt/ros/jazzy/lib', 'HOME': '/root', 'OLDPWD': '/root/freefleet_ws', 'ROS_PYTHON_VERSION': '3', 'COLCON_PREFIX_PATH': '/root/freefleet_ws/UR5_AMR_CL_4/install:/root/freefleet_ws/UR5_AMR_CL_2/install', 'ROS_DISTRO': 'jazzy', '_': '/usr/bin/colcon', 'ROS_VERSION': '2', 'TERM': 'xterm', 'GAZEBO_MODEL_PATH': '/root/freefleet_ws/UR5_AMR_CL_2/src/robotic_arms_control/meshes:', 'QT_X11_NO_MITSHM': '1', 'PATH': '/opt/ros/jazzy/opt/gz_msgs_vendor/bin:/opt/ros/jazzy/opt/gz_tools_vendor/bin:/opt/ros/jazzy/opt/gz_ogre_next_vendor/bin:/opt/ros/jazzy/bin:/usr/local/sbin:/usr/local/bin:/usr/sbin:/usr/bin:/sbin:/bin', 'DISPLAY': ':0', 'LANG': 'en_US.UTF-8', 'AMENT_PREFIX_PATH': '/root/freefleet_ws/UR5_AMR_CL_4/install/robotic_arms_control:/root/freefleet_ws/UR5_AMR_CL_2/install/robotic_arms_control:/opt/ros/jazzy', 'DEBIAN_FRONTEND': 'noninteractive', 'ROS_AUTOMATIC_DISCOVERY_RANGE': 'SUBNET', 'PWD': '/root/freefleet_ws/UR5_AMR_CL_4/build/robotic_arms_control', 'LC_ALL': 'en_US.UTF-8', 'PYTHONPATH': '/root/freefleet_ws/UR5_AMR_CL_4/build/robotic_arms_control/prefix_override:/usr/lib/python3/dist-packages/colcon_core/task/python/colcon_distutils_commands:/root/freefleet_ws/UR5_AMR_CL_4/install/robotic_arms_control/lib/python3.12/site-packages:/root/freefleet_ws/UR5_AMR_CL_4/build/robotic_arms_control:/root/freefleet_ws/UR5_AMR_CL_4/install/robotic_arms_control/lib/python3.12/site-packages:/root/freefleet_ws/UR5_AMR_CL_2/build/robotic_arms_control:/root/freefleet_ws/UR5_AMR_CL_2/install/robotic_arms_control/lib/python3.12/site-packages:/opt/ros/jazzy/lib/python/site-packages:/opt/ros/jazzy/lib/python3.12/site-packages', 'COLCON': '1', 'CMAKE_PREFIX_PATH': '/opt/ros/jazzy/opt/gz_sim_vendor:/opt/ros/jazzy/opt/gz_sensors_vendor:/opt/ros/jazzy/opt/gz_physics_vendor:/opt/ros/jazzy/opt/sdformat_vendor:/opt/ros/jazzy/opt/gz_gui_vendor:/opt/ros/jazzy/opt/gz_transport_vendor:/opt/ros/jazzy/opt/gz_rendering_vendor:/opt/ros/jazzy/opt/gz_plugin_vendor:/opt/ros/jazzy/opt/gz_fuel_tools_vendor:/opt/ros/jazzy/opt/gz_msgs_vendor:/opt/ros/jazzy/opt/gz_common_vendor:/opt/ros/jazzy/opt/gz_math_vendor:/opt/ros/jazzy/opt/gz_utils_vendor:/opt/ros/jazzy/opt/gz_tools_vendor:/opt/ros/jazzy/opt/gz_ogre_next_vendor:/opt/ros/jazzy/opt/gz_dartsim_vendor:/opt/ros/jazzy/opt/gz_cmake_vendor'}, 'shell': False}
[0.700614] (-) TimerEvent: {}
[0.800800] (-) TimerEvent: {}
[0.901001] (-) TimerEvent: {}
[0.961471] (robotic_arms_control) StdoutLine: {'line': b'running develop\n'}
[1.001080] (-) TimerEvent: {}
[1.101277] (-) TimerEvent: {}
[1.153480] (robotic_arms_control) StdoutLine: {'line': b'Removing /root/freefleet_ws/UR5_AMR_CL_4/install/robotic_arms_control/lib/python3.12/site-packages/robotic-arms-control.egg-link (link to .)\n'}
[1.178861] (robotic_arms_control) CommandEnded: {'returncode': 0}
[1.179776] (robotic_arms_control) Command: {'cmd': ['/usr/bin/python3', '-W', 'ignore:setup.py install is deprecated', '-W', 'ignore:easy_install command is deprecated', 'setup.py', 'egg_info', '--egg-base', '../../build/robotic_arms_control', 'build', '--build-base', '/root/freefleet_ws/UR5_AMR_CL_4/build/robotic_arms_control/build', 'install', '--record', '/root/freefleet_ws/UR5_AMR_CL_4/build/robotic_arms_control/install.log', '--single-version-externally-managed', 'install_data', '--force'], 'cwd': '/root/freefleet_ws/UR5_AMR_CL_4/src/robotic_arms_control', 'env': {'GZ_SIM_RESOURCE_PATH': '/opt/ros/jazzy/share', 'GZ_CONFIG_PATH': '/opt/ros/jazzy/opt/gz_sim_vendor/share/gz:/opt/ros/jazzy/opt/sdformat_vendor/share/gz:/opt/ros/jazzy/opt/gz_gui_vendor/share/gz:/opt/ros/jazzy/opt/gz_transport_vendor/share/gz:/opt/ros/jazzy/opt/gz_rendering_vendor/share/gz:/opt/ros/jazzy/opt/gz_plugin_vendor/share/gz:/opt/ros/jazzy/opt/gz_fuel_tools_vendor/share/gz:/opt/ros/jazzy/opt/gz_msgs_vendor/share/gz:/opt/ros/jazzy/opt/gz_common_vendor/share/gz', 'HOSTNAME': 'vishal-IdeaPad-Gaming-3-15ACH6', 'SHLVL': '1', 'LD_LIBRARY_PATH': '/opt/ros/jazzy/opt/gz_sim_vendor/lib:/opt/ros/jazzy/opt/gz_sensors_vendor/lib:/opt/ros/jazzy/opt/gz_physics_vendor/lib:/opt/ros/jazzy/opt/sdformat_vendor/lib:/opt/ros/jazzy/opt/rviz_ogre_vendor/lib:/opt/ros/jazzy/lib/x86_64-linux-gnu:/opt/ros/jazzy/opt/gz_gui_vendor/lib:/opt/ros/jazzy/opt/gz_transport_vendor/lib:/opt/ros/jazzy/opt/gz_rendering_vendor/lib:/opt/ros/jazzy/opt/gz_plugin_vendor/lib:/opt/ros/jazzy/opt/gz_fuel_tools_vendor/lib:/opt/ros/jazzy/opt/gz_msgs_vendor/lib:/opt/ros/jazzy/opt/gz_common_vendor/lib:/opt/ros/jazzy/opt/gz_math_vendor/lib:/opt/ros/jazzy/opt/gz_utils_vendor/lib:/opt/ros/jazzy/opt/gz_tools_vendor/lib:/opt/ros/jazzy/opt/gz_ogre_next_vendor/lib:/opt/ros/jazzy/opt/gz_dartsim_vendor/lib:/opt/ros/jazzy/opt/gz_cmake_vendor/lib:/opt/ros/jazzy/lib', 'HOME': '/root', 'OLDPWD': '/root/freefleet_ws', 'ROS_PYTHON_VERSION': '3', 'COLCON_PREFIX_PATH': '/root/freefleet_ws/UR5_AMR_CL_4/install:/root/freefleet_ws/UR5_AMR_CL_2/install', 'ROS_DISTRO': 'jazzy', '_': '/usr/bin/colcon', 'ROS_VERSION': '2', 'TERM': 'xterm', 'GAZEBO_MODEL_PATH': '/root/freefleet_ws/UR5_AMR_CL_2/src/robotic_arms_control/meshes:', 'QT_X11_NO_MITSHM': '1', 'PATH': '/opt/ros/jazzy/opt/gz_msgs_vendor/bin:/opt/ros/jazzy/opt/gz_tools_vendor/bin:/opt/ros/jazzy/opt/gz_ogre_next_vendor/bin:/opt/ros/jazzy/bin:/usr/local/sbin:/usr/local/bin:/usr/sbin:/usr/bin:/sbin:/bin', 'DISPLAY': ':0', 'LANG': 'en_US.UTF-8', 'AMENT_PREFIX_PATH': '/root/freefleet_ws/UR5_AMR_CL_4/install/robotic_arms_control:/root/freefleet_ws/UR5_AMR_CL_2/install/robotic_arms_control:/opt/ros/jazzy', 'DEBIAN_FRONTEND': 'noninteractive', 'ROS_AUTOMATIC_DISCOVERY_RANGE': 'SUBNET', 'PWD': '/root/freefleet_ws/UR5_AMR_CL_4/build/robotic_arms_control', 'LC_ALL': 'en_US.UTF-8', 'PYTHONPATH': '/root/freefleet_ws/UR5_AMR_CL_4/build/robotic_arms_control/prefix_override:/usr/lib/python3/dist-packages/colcon_core/task/python/colcon_distutils_commands:/root/freefleet_ws/UR5_AMR_CL_4/install/robotic_arms_control/lib/python3.12/site-packages:/root/freefleet_ws/UR5_AMR_CL_4/build/robotic_arms_control:/root/freefleet_ws/UR5_AMR_CL_4/install/robotic_arms_control/lib/python3.12/site-packages:/root/freefleet_ws/UR5_AMR_CL_2/build/robotic_arms_control:/root/freefleet_ws/UR5_AMR_CL_2/install/robotic_arms_control/lib/python3.12/site-packages:/opt/ros/jazzy/lib/python/site-packages:/opt/ros/jazzy/lib/python3.12/site-packages', 'COLCON': '1', 'CMAKE_PREFIX_PATH': '/opt/ros/jazzy/opt/gz_sim_vendor:/opt/ros/jazzy/opt/gz_sensors_vendor:/opt/ros/jazzy/opt/gz_physics_vendor:/opt/ros/jazzy/opt/sdformat_vendor:/opt/ros/jazzy/opt/gz_gui_vendor:/opt/ros/jazzy/opt/gz_transport_vendor:/opt/ros/jazzy/opt/gz_rendering_vendor:/opt/ros/jazzy/opt/gz_plugin_vendor:/opt/ros/jazzy/opt/gz_fuel_tools_vendor:/opt/ros/jazzy/opt/gz_msgs_vendor:/opt/ros/jazzy/opt/gz_common_vendor:/opt/ros/jazzy/opt/gz_math_vendor:/opt/ros/jazzy/opt/gz_utils_vendor:/opt/ros/jazzy/opt/gz_tools_vendor:/opt/ros/jazzy/opt/gz_ogre_next_vendor:/opt/ros/jazzy/opt/gz_dartsim_vendor:/opt/ros/jazzy/opt/gz_cmake_vendor'}, 'shell': False}
[1.201339] (-) TimerEvent: {}
[1.301517] (-) TimerEvent: {}
[1.399574] (robotic_arms_control) StdoutLine: {'line': b'running egg_info\n'}
[1.401588] (-) TimerEvent: {}
[1.416539] (robotic_arms_control) StdoutLine: {'line': b'writing ../../build/robotic_arms_control/robotic_arms_control.egg-info/PKG-INFO\n'}
[1.416773] (robotic_arms_control) StdoutLine: {'line': b'writing dependency_links to ../../build/robotic_arms_control/robotic_arms_control.egg-info/dependency_links.txt\n'}
[1.416975] (robotic_arms_control) StdoutLine: {'line': b'writing entry points to ../../build/robotic_arms_control/robotic_arms_control.egg-info/entry_points.txt\n'}
[1.417111] (robotic_arms_control) StdoutLine: {'line': b'writing requirements to ../../build/robotic_arms_control/robotic_arms_control.egg-info/requires.txt\n'}
[1.417229] (robotic_arms_control) StdoutLine: {'line': b'writing top-level names to ../../build/robotic_arms_control/robotic_arms_control.egg-info/top_level.txt\n'}
[1.452219] (robotic_arms_control) StdoutLine: {'line': b"reading manifest file '../../build/robotic_arms_control/robotic_arms_control.egg-info/SOURCES.txt'\n"}
[1.453010] (robotic_arms_control) StdoutLine: {'line': b"writing manifest file '../../build/robotic_arms_control/robotic_arms_control.egg-info/SOURCES.txt'\n"}
[1.453149] (robotic_arms_control) StdoutLine: {'line': b'running build\n'}
[1.453233] (robotic_arms_control) StdoutLine: {'line': b'running build_py\n'}
[1.453327] (robotic_arms_control) StdoutLine: {'line': b'creating /root/freefleet_ws/UR5_AMR_CL_4/build/robotic_arms_control/build\n'}
[1.453406] (robotic_arms_control) StdoutLine: {'line': b'creating /root/freefleet_ws/UR5_AMR_CL_4/build/robotic_arms_control/build/lib\n'}
[1.453487] (robotic_arms_control) StdoutLine: {'line': b'creating /root/freefleet_ws/UR5_AMR_CL_4/build/robotic_arms_control/build/lib/robotic_arms_control\n'}
[1.453588] (robotic_arms_control) StdoutLine: {'line': b'copying robotic_arms_control/__init__.py -> /root/freefleet_ws/UR5_AMR_CL_4/build/robotic_arms_control/build/lib/robotic_arms_control\n'}
[1.453765] (robotic_arms_control) StdoutLine: {'line': b'running install\n'}
[1.458345] (robotic_arms_control) StdoutLine: {'line': b'running install_lib\n'}
[1.475801] (robotic_arms_control) StdoutLine: {'line': b'creating /root/freefleet_ws/UR5_AMR_CL_4/install/robotic_arms_control/lib/python3.12/site-packages/robotic_arms_control\n'}
[1.475947] (robotic_arms_control) StdoutLine: {'line': b'copying /root/freefleet_ws/UR5_AMR_CL_4/build/robotic_arms_control/build/lib/robotic_arms_control/__init__.py -> /root/freefleet_ws/UR5_AMR_CL_4/install/robotic_arms_control/lib/python3.12/site-packages/robotic_arms_control\n'}
[1.476401] (robotic_arms_control) StdoutLine: {'line': b'byte-compiling /root/freefleet_ws/UR5_AMR_CL_4/install/robotic_arms_control/lib/python3.12/site-packages/robotic_arms_control/__init__.py to __init__.cpython-312.pyc\n'}
[1.476643] (robotic_arms_control) StdoutLine: {'line': b'running install_data\n'}
[1.476727] (robotic_arms_control) StdoutLine: {'line': b'copying resource/robotic_arms_control -> /root/freefleet_ws/UR5_AMR_CL_4/install/robotic_arms_control/share/ament_index/resource_index/packages\n'}
[1.476912] (robotic_arms_control) StdoutLine: {'line': b'copying package.xml -> /root/freefleet_ws/UR5_AMR_CL_4/install/robotic_arms_control/share/robotic_arms_control\n'}
[1.477093] (robotic_arms_control) StdoutLine: {'line': b'copying launch/controller_spawner_1.launch.py -> /root/freefleet_ws/UR5_AMR_CL_4/install/robotic_arms_control/share/robotic_arms_control/launch\n'}
[1.477273] (robotic_arms_control) StdoutLine: {'line': b'copying launch/gazebo_bringup_ur5.launch.py -> /root/freefleet_ws/UR5_AMR_CL_4/install/robotic_arms_control/share/robotic_arms_control/launch\n'}
[1.477447] (robotic_arms_control) StdoutLine: {'line': b'copying launch/rviz_bringup.launch.py -> /root/freefleet_ws/UR5_AMR_CL_4/install/robotic_arms_control/share/robotic_arms_control/launch\n'}
[1.477619] (robotic_arms_control) StdoutLine: {'line': b'copying launch/controller_spawner_ur5.launch.py -> /root/freefleet_ws/UR5_AMR_CL_4/install/robotic_arms_control/share/robotic_arms_control/launch\n'}
[1.477794] (robotic_arms_control) StdoutLine: {'line': b'copying urdf/ur5.urdf -> /root/freefleet_ws/UR5_AMR_CL_4/install/robotic_arms_control/share/robotic_arms_control/urdf\n'}
[1.477972] (robotic_arms_control) StdoutLine: {'line': b'copying urdf/ur51.urdf -> /root/freefleet_ws/UR5_AMR_CL_4/install/robotic_arms_control/share/robotic_arms_control/urdf\n'}
[1.478142] (robotic_arms_control) StdoutLine: {'line': b'copying urdf/ur5jointlimitedrobot.urdf -> /root/freefleet_ws/UR5_AMR_CL_4/install/robotic_arms_control/share/robotic_arms_control/urdf\n'}
[1.478325] (robotic_arms_control) StdoutLine: {'line': b'copying urdf/ur5robot.urdf -> /root/freefleet_ws/UR5_AMR_CL_4/install/robotic_arms_control/share/robotic_arms_control/urdf\n'}
[1.478508] (robotic_arms_control) StdoutLine: {'line': b'copying config/ur5_itc_controller.yaml -> /root/freefleet_ws/UR5_AMR_CL_4/install/robotic_arms_control/share/robotic_arms_control/config\n'}
[1.478673] (robotic_arms_control) StdoutLine: {'line': b'copying config/ur5_pos_controller.yaml -> /root/freefleet_ws/UR5_AMR_CL_4/install/robotic_arms_control/share/robotic_arms_control/config\n'}
[1.478823] (robotic_arms_control) StdoutLine: {'line': b'running install_egg_info\n'}
[1.496891] (robotic_arms_control) StdoutLine: {'line': b'Copying ../../build/robotic_arms_control/robotic_arms_control.egg-info to /root/freefleet_ws/UR5_AMR_CL_4/install/robotic_arms_control/lib/python3.12/site-packages/robotic_arms_control-0.0.0-py3.12.egg-info\n'}
[1.501662] (-) TimerEvent: {}
[1.587336] (robotic_arms_control) StdoutLine: {'line': b'running install_scripts\n'}
[1.601752] (-) TimerEvent: {}
[1.701951] (-) TimerEvent: {}
[1.715624] (robotic_arms_control) StdoutLine: {'line': b'Installing joint_state_controller_test script to /root/freefleet_ws/UR5_AMR_CL_4/install/robotic_arms_control/lib/robotic_arms_control\n'}
[1.715782] (robotic_arms_control) StdoutLine: {'line': b'Installing jtc_multi_goals script to /root/freefleet_ws/UR5_AMR_CL_4/install/robotic_arms_control/lib/robotic_arms_control\n'}
[1.715886] (robotic_arms_control) StdoutLine: {'line': b'Installing kinematic_solver_IK script to /root/freefleet_ws/UR5_AMR_CL_4/install/robotic_arms_control/lib/robotic_arms_control\n'}
[1.716020] (robotic_arms_control) StdoutLine: {'line': b'Installing transform_publisher script to /root/freefleet_ws/UR5_AMR_CL_4/install/robotic_arms_control/lib/robotic_arms_control\n'}
[1.716166] (robotic_arms_control) StdoutLine: {'line': b"writing list of installed files to '/root/freefleet_ws/UR5_AMR_CL_4/build/robotic_arms_control/install.log'\n"}
[1.735778] (robotic_arms_control) CommandEnded: {'returncode': 0}
[1.744379] (robotic_arms_control) JobEnded: {'identifier': 'robotic_arms_control', 'rc': 0}
[1.745060] (-) EventReactorShutdown: {}
