[0.000000] (-) TimerEvent: {}
[0.000531] (robotic_arms_control) JobQueued: {'identifier': 'robotic_arms_control', 'dependencies': OrderedDict()}
[0.000580] (robotic_arms_control) JobStarted: {'identifier': 'robotic_arms_control'}
[0.099863] (-) TimerEvent: {}
[0.200086] (-) TimerEvent: {}
[0.300307] (-) TimerEvent: {}
[0.400536] (-) TimerEvent: {}
[0.501175] (-) TimerEvent: {}
[0.601648] (-) TimerEvent: {}
[0.701972] (-) TimerEvent: {}
[0.802246] (-) TimerEvent: {}
[0.902592] (-) TimerEvent: {}
[1.003412] (-) TimerEvent: {}
[1.103852] (-) TimerEvent: {}
[1.204337] (-) TimerEvent: {}
[1.304720] (-) TimerEvent: {}
[1.405016] (-) TimerEvent: {}
[1.505322] (-) TimerEvent: {}
[1.605740] (-) TimerEvent: {}
[1.706137] (-) TimerEvent: {}
[1.806418] (-) TimerEvent: {}
[1.906706] (-) TimerEvent: {}
[2.007005] (-) TimerEvent: {}
[2.107409] (-) TimerEvent: {}
[2.207741] (-) TimerEvent: {}
[2.308064] (-) TimerEvent: {}
[2.408690] (-) TimerEvent: {}
[2.509111] (-) TimerEvent: {}
[2.609378] (-) TimerEvent: {}
[2.710006] (-) TimerEvent: {}
[2.810360] (-) TimerEvent: {}
[2.911000] (-) TimerEvent: {}
[3.011628] (-) TimerEvent: {}
[3.112162] (-) TimerEvent: {}
[3.212388] (-) TimerEvent: {}
[3.312605] (-) TimerEvent: {}
[3.412926] (-) TimerEvent: {}
[3.418098] (robotic_arms_control) Command: {'cmd': ['/usr/bin/python3', '-W', 'ignore:setup.py install is deprecated', '-W', 'ignore:easy_install command is deprecated', 'setup.py', 'develop', '--editable', '--build-directory', '/root/freefleet_ws/UR5_AMR_CL_4/build/robotic_arms_control/build', '--no-deps', 'symlink_data'], 'cwd': '/root/freefleet_ws/UR5_AMR_CL_4/build/robotic_arms_control', 'env': {'GZ_SIM_RESOURCE_PATH': '/opt/ros/jazzy/share', 'GZ_CONFIG_PATH': '/opt/ros/jazzy/opt/gz_sim_vendor/share/gz:/opt/ros/jazzy/opt/sdformat_vendor/share/gz:/opt/ros/jazzy/opt/gz_gui_vendor/share/gz:/opt/ros/jazzy/opt/gz_transport_vendor/share/gz:/opt/ros/jazzy/opt/gz_rendering_vendor/share/gz:/opt/ros/jazzy/opt/gz_plugin_vendor/share/gz:/opt/ros/jazzy/opt/gz_fuel_tools_vendor/share/gz:/opt/ros/jazzy/opt/gz_msgs_vendor/share/gz:/opt/ros/jazzy/opt/gz_common_vendor/share/gz', 'HOSTNAME': 'vishal-IdeaPad-Gaming-3-15ACH6', 'SHLVL': '1', 'LD_LIBRARY_PATH': '/opt/ros/jazzy/opt/gz_sim_vendor/lib:/opt/ros/jazzy/opt/gz_sensors_vendor/lib:/opt/ros/jazzy/opt/gz_physics_vendor/lib:/opt/ros/jazzy/opt/sdformat_vendor/lib:/opt/ros/jazzy/opt/rviz_ogre_vendor/lib:/opt/ros/jazzy/lib/x86_64-linux-gnu:/opt/ros/jazzy/opt/gz_gui_vendor/lib:/opt/ros/jazzy/opt/gz_transport_vendor/lib:/opt/ros/jazzy/opt/gz_rendering_vendor/lib:/opt/ros/jazzy/opt/gz_plugin_vendor/lib:/opt/ros/jazzy/opt/gz_fuel_tools_vendor/lib:/opt/ros/jazzy/opt/gz_msgs_vendor/lib:/opt/ros/jazzy/opt/gz_common_vendor/lib:/opt/ros/jazzy/opt/gz_math_vendor/lib:/opt/ros/jazzy/opt/gz_utils_vendor/lib:/opt/ros/jazzy/opt/gz_tools_vendor/lib:/opt/ros/jazzy/opt/gz_ogre_next_vendor/lib:/opt/ros/jazzy/opt/gz_dartsim_vendor/lib:/opt/ros/jazzy/opt/gz_cmake_vendor/lib:/opt/ros/jazzy/lib', 'HOME': '/root', 'OLDPWD': '/root', 'ROS_PYTHON_VERSION': '3', 'COLCON_PREFIX_PATH': '/root/freefleet_ws/UR5_AMR_CL_2/install', 'ROS_DISTRO': 'jazzy', '_': '/usr/bin/colcon', 'ROS_VERSION': '2', 'TERM': 'xterm', 'GAZEBO_MODEL_PATH': '/root/freefleet_ws/UR5_AMR_CL_2/src/robotic_arms_control/meshes:', 'QT_X11_NO_MITSHM': '1', 'PATH': '/opt/ros/jazzy/opt/gz_msgs_vendor/bin:/opt/ros/jazzy/opt/gz_tools_vendor/bin:/opt/ros/jazzy/opt/gz_ogre_next_vendor/bin:/opt/ros/jazzy/bin:/usr/local/sbin:/usr/local/bin:/usr/sbin:/usr/bin:/sbin:/bin', 'DISPLAY': ':0', 'LANG': 'en_US.UTF-8', 'AMENT_PREFIX_PATH': '/root/freefleet_ws/UR5_AMR_CL_2/install/robotic_arms_control:/opt/ros/jazzy', 'DEBIAN_FRONTEND': 'noninteractive', 'ROS_AUTOMATIC_DISCOVERY_RANGE': 'SUBNET', 'PWD': '/root/freefleet_ws/UR5_AMR_CL_4/build/robotic_arms_control', 'LC_ALL': 'en_US.UTF-8', 'PYTHONPATH': '/root/freefleet_ws/UR5_AMR_CL_4/build/robotic_arms_control/prefix_override:/usr/lib/python3/dist-packages/colcon_core/task/python/colcon_distutils_commands:/root/freefleet_ws/UR5_AMR_CL_4/install/robotic_arms_control/lib/python3.12/site-packages:/root/freefleet_ws/UR5_AMR_CL_2/build/robotic_arms_control:/root/freefleet_ws/UR5_AMR_CL_2/install/robotic_arms_control/lib/python3.12/site-packages:/opt/ros/jazzy/lib/python/site-packages:/opt/ros/jazzy/lib/python3.12/site-packages', 'COLCON': '1', 'CMAKE_PREFIX_PATH': '/opt/ros/jazzy/opt/gz_sim_vendor:/opt/ros/jazzy/opt/gz_sensors_vendor:/opt/ros/jazzy/opt/gz_physics_vendor:/opt/ros/jazzy/opt/sdformat_vendor:/opt/ros/jazzy/opt/gz_gui_vendor:/opt/ros/jazzy/opt/gz_transport_vendor:/opt/ros/jazzy/opt/gz_rendering_vendor:/opt/ros/jazzy/opt/gz_plugin_vendor:/opt/ros/jazzy/opt/gz_fuel_tools_vendor:/opt/ros/jazzy/opt/gz_msgs_vendor:/opt/ros/jazzy/opt/gz_common_vendor:/opt/ros/jazzy/opt/gz_math_vendor:/opt/ros/jazzy/opt/gz_utils_vendor:/opt/ros/jazzy/opt/gz_tools_vendor:/opt/ros/jazzy/opt/gz_ogre_next_vendor:/opt/ros/jazzy/opt/gz_dartsim_vendor:/opt/ros/jazzy/opt/gz_cmake_vendor'}, 'shell': False}
[3.513013] (-) TimerEvent: {}
[3.613239] (-) TimerEvent: {}
[3.713444] (-) TimerEvent: {}
[3.714422] (robotic_arms_control) StdoutLine: {'line': b'running develop\n'}
[3.813584] (-) TimerEvent: {}
[3.913861] (-) TimerEvent: {}
[3.960997] (robotic_arms_control) StdoutLine: {'line': b'running egg_info\n'}
[3.978042] (robotic_arms_control) StdoutLine: {'line': b'writing robotic_arms_control.egg-info/PKG-INFO\n'}
[3.978196] (robotic_arms_control) StdoutLine: {'line': b'writing dependency_links to robotic_arms_control.egg-info/dependency_links.txt\n'}
[3.978326] (robotic_arms_control) StdoutLine: {'line': b'writing entry points to robotic_arms_control.egg-info/entry_points.txt\n'}
[3.978528] (robotic_arms_control) StdoutLine: {'line': b'writing requirements to robotic_arms_control.egg-info/requires.txt\n'}
[3.978724] (robotic_arms_control) StdoutLine: {'line': b'writing top-level names to robotic_arms_control.egg-info/top_level.txt\n'}
[4.012893] (robotic_arms_control) StdoutLine: {'line': b"reading manifest file 'robotic_arms_control.egg-info/SOURCES.txt'\n"}
[4.013931] (-) TimerEvent: {}
[4.014041] (robotic_arms_control) StdoutLine: {'line': b"writing manifest file 'robotic_arms_control.egg-info/SOURCES.txt'\n"}
[4.031538] (robotic_arms_control) StdoutLine: {'line': b'running build_ext\n'}
[4.031668] (robotic_arms_control) StdoutLine: {'line': b'Creating /root/freefleet_ws/UR5_AMR_CL_4/install/robotic_arms_control/lib/python3.12/site-packages/robotic-arms-control.egg-link (link to .)\n'}
[4.032272] (robotic_arms_control) StdoutLine: {'line': b'Installing joint_state_controller_test script to /root/freefleet_ws/UR5_AMR_CL_4/install/robotic_arms_control/lib/robotic_arms_control\n'}
[4.032511] (robotic_arms_control) StdoutLine: {'line': b'Installing jtc_multi_goals script to /root/freefleet_ws/UR5_AMR_CL_4/install/robotic_arms_control/lib/robotic_arms_control\n'}
[4.032713] (robotic_arms_control) StdoutLine: {'line': b'Installing kinematic_solver_IK script to /root/freefleet_ws/UR5_AMR_CL_4/install/robotic_arms_control/lib/robotic_arms_control\n'}
[4.032898] (robotic_arms_control) StdoutLine: {'line': b'Installing transform_publisher script to /root/freefleet_ws/UR5_AMR_CL_4/install/robotic_arms_control/lib/robotic_arms_control\n'}
[4.033112] (robotic_arms_control) StdoutLine: {'line': b'\n'}
[4.033220] (robotic_arms_control) StdoutLine: {'line': b'Installed /root/freefleet_ws/UR5_AMR_CL_4/build/robotic_arms_control\n'}
[4.033278] (robotic_arms_control) StdoutLine: {'line': b'running symlink_data\n'}
[4.058365] (robotic_arms_control) CommandEnded: {'returncode': 0}
[4.072043] (robotic_arms_control) JobEnded: {'identifier': 'robotic_arms_control', 'rc': 0}
[4.072678] (-) EventReactorShutdown: {}
