[1.827s] DEBUG:colcon:Command line arguments: ['/usr/bin/colcon', 'build', '--symlink-install']
[1.827s] DEBUG:colcon:Parsed command line arguments: Namespace(log_base=None, log_level=None, verb_name='build', build_base='build', install_base='install', merge_install=False, symlink_install=True, test_result_base=None, continue_on_error=False, executor='parallel', parallel_workers=16, event_handlers=None, ignore_user_meta=False, metas=['./colcon.meta'], base_paths=['.'], packages_ignore=None, packages_ignore_regex=None, paths=None, packages_up_to=None, packages_up_to_regex=None, packages_above=None, packages_above_and_dependencies=None, packages_above_depth=None, packages_select_by_dep=None, packages_skip_by_dep=None, packages_skip_up_to=None, packages_select_build_failed=False, packages_skip_build_finished=False, packages_select_test_failures=False, packages_skip_test_passed=False, packages_select=None, packages_skip=None, packages_select_regex=None, packages_skip_regex=None, packages_start=None, packages_end=None, allow_overriding=[], cmake_args=None, cmake_target=None, cmake_target_skip_unavailable=False, cmake_clean_cache=False, cmake_clean_first=False, cmake_force_configure=False, ament_cmake_args=None, catkin_cmake_args=None, catkin_skip_building_tests=False, verb_parser=<colcon_defaults.argument_parser.defaults.DefaultArgumentsDecorator object at 0x7b1b0d626330>, verb_extension=<colcon_core.verb.build.BuildVerb object at 0x7b1b0d626120>, main=<bound method BuildVerb.main of <colcon_core.verb.build.BuildVerb object at 0x7b1b0d626120>>)
[2.194s] Level 1:colcon.colcon_core.package_discovery:discover_packages(colcon_meta) check parameters
[2.194s] Level 1:colcon.colcon_core.package_discovery:discover_packages(recursive) check parameters
[2.194s] Level 1:colcon.colcon_core.package_discovery:discover_packages(ignore) check parameters
[2.194s] Level 1:colcon.colcon_core.package_discovery:discover_packages(path) check parameters
[2.194s] Level 1:colcon.colcon_core.package_discovery:discover_packages(colcon_meta) discover
[2.194s] Level 1:colcon.colcon_core.package_discovery:discover_packages(recursive) discover
[2.194s] INFO:colcon.colcon_core.package_discovery:Crawling recursively for packages in '/root/freefleet_ws/UR5_AMR_CL_4'
[2.194s] Level 1:colcon.colcon_core.package_identification:_identify(.) by extensions ['ignore', 'ignore_ament_install']
[2.194s] Level 1:colcon.colcon_core.package_identification:_identify(.) by extension 'ignore'
[2.194s] Level 1:colcon.colcon_core.package_identification:_identify(.) by extension 'ignore_ament_install'
[2.194s] Level 1:colcon.colcon_core.package_identification:_identify(.) by extensions ['colcon_pkg']
[2.194s] Level 1:colcon.colcon_core.package_identification:_identify(.) by extension 'colcon_pkg'
[2.194s] Level 1:colcon.colcon_core.package_identification:_identify(.) by extensions ['colcon_meta']
[2.194s] Level 1:colcon.colcon_core.package_identification:_identify(.) by extension 'colcon_meta'
[2.194s] Level 1:colcon.colcon_core.package_identification:_identify(.) by extensions ['ros']
[2.194s] Level 1:colcon.colcon_core.package_identification:_identify(.) by extension 'ros'
[2.315s] Level 1:colcon.colcon_core.package_identification:_identify(.) by extensions ['cmake', 'python']
[2.315s] Level 1:colcon.colcon_core.package_identification:_identify(.) by extension 'cmake'
[2.315s] Level 1:colcon.colcon_core.package_identification:_identify(.) by extension 'python'
[2.315s] Level 1:colcon.colcon_core.package_identification:_identify(.) by extensions ['python_setup_py']
[2.315s] Level 1:colcon.colcon_core.package_identification:_identify(.) by extension 'python_setup_py'
[2.315s] Level 1:colcon.colcon_core.package_identification:_identify(build) by extensions ['ignore', 'ignore_ament_install']
[2.315s] Level 1:colcon.colcon_core.package_identification:_identify(build) by extension 'ignore'
[2.315s] Level 1:colcon.colcon_core.package_identification:_identify(build) ignored
[2.316s] Level 1:colcon.colcon_core.package_identification:_identify(install) by extensions ['ignore', 'ignore_ament_install']
[2.316s] Level 1:colcon.colcon_core.package_identification:_identify(install) by extension 'ignore'
[2.316s] Level 1:colcon.colcon_core.package_identification:_identify(install) ignored
[2.316s] Level 1:colcon.colcon_core.package_identification:_identify(log) by extensions ['ignore', 'ignore_ament_install']
[2.316s] Level 1:colcon.colcon_core.package_identification:_identify(log) by extension 'ignore'
[2.316s] Level 1:colcon.colcon_core.package_identification:_identify(log) ignored
[2.316s] Level 1:colcon.colcon_core.package_identification:_identify(src) by extensions ['ignore', 'ignore_ament_install']
[2.316s] Level 1:colcon.colcon_core.package_identification:_identify(src) by extension 'ignore'
[2.317s] Level 1:colcon.colcon_core.package_identification:_identify(src) by extension 'ignore_ament_install'
[2.317s] Level 1:colcon.colcon_core.package_identification:_identify(src) by extensions ['colcon_pkg']
[2.317s] Level 1:colcon.colcon_core.package_identification:_identify(src) by extension 'colcon_pkg'
[2.317s] Level 1:colcon.colcon_core.package_identification:_identify(src) by extensions ['colcon_meta']
[2.317s] Level 1:colcon.colcon_core.package_identification:_identify(src) by extension 'colcon_meta'
[2.317s] Level 1:colcon.colcon_core.package_identification:_identify(src) by extensions ['ros']
[2.317s] Level 1:colcon.colcon_core.package_identification:_identify(src) by extension 'ros'
[2.317s] Level 1:colcon.colcon_core.package_identification:_identify(src) by extensions ['cmake', 'python']
[2.317s] Level 1:colcon.colcon_core.package_identification:_identify(src) by extension 'cmake'
[2.317s] Level 1:colcon.colcon_core.package_identification:_identify(src) by extension 'python'
[2.317s] Level 1:colcon.colcon_core.package_identification:_identify(src) by extensions ['python_setup_py']
[2.317s] Level 1:colcon.colcon_core.package_identification:_identify(src) by extension 'python_setup_py'
[2.317s] Level 1:colcon.colcon_core.package_identification:_identify(src/robotic_arms_control) by extensions ['ignore', 'ignore_ament_install']
[2.318s] Level 1:colcon.colcon_core.package_identification:_identify(src/robotic_arms_control) by extension 'ignore'
[2.318s] Level 1:colcon.colcon_core.package_identification:_identify(src/robotic_arms_control) by extension 'ignore_ament_install'
[2.318s] Level 1:colcon.colcon_core.package_identification:_identify(src/robotic_arms_control) by extensions ['colcon_pkg']
[2.318s] Level 1:colcon.colcon_core.package_identification:_identify(src/robotic_arms_control) by extension 'colcon_pkg'
[2.318s] Level 1:colcon.colcon_core.package_identification:_identify(src/robotic_arms_control) by extensions ['colcon_meta']
[2.318s] Level 1:colcon.colcon_core.package_identification:_identify(src/robotic_arms_control) by extension 'colcon_meta'
[2.318s] Level 1:colcon.colcon_core.package_identification:_identify(src/robotic_arms_control) by extensions ['ros']
[2.318s] Level 1:colcon.colcon_core.package_identification:_identify(src/robotic_arms_control) by extension 'ros'
[2.340s] DEBUG:colcon.colcon_core.package_identification:Package 'src/robotic_arms_control' with type 'ros.ament_python' and name 'robotic_arms_control'
[2.340s] Level 1:colcon.colcon_core.package_discovery:discover_packages(recursive) using defaults
[2.340s] Level 1:colcon.colcon_core.package_discovery:discover_packages(ignore) discover
[2.340s] Level 1:colcon.colcon_core.package_discovery:discover_packages(ignore) using defaults
[2.340s] Level 1:colcon.colcon_core.package_discovery:discover_packages(path) discover
[2.341s] Level 1:colcon.colcon_core.package_discovery:discover_packages(path) using defaults
[2.537s] Level 1:colcon.colcon_core.package_discovery:discover_packages(prefix_path) check parameters
[2.538s] Level 1:colcon.colcon_core.package_discovery:discover_packages(prefix_path) discover
[2.546s] DEBUG:colcon.colcon_installed_package_information.package_discovery:Found 1 installed packages in /root/freefleet_ws/UR5_AMR_CL_2/install
[2.550s] DEBUG:colcon.colcon_installed_package_information.package_discovery:Found 389 installed packages in /opt/ros/jazzy
[2.552s] Level 1:colcon.colcon_core.package_discovery:discover_packages(prefix_path) using defaults
[2.602s] Level 5:colcon.colcon_core.verb:set package 'robotic_arms_control' build argument 'cmake_args' from command line to 'None'
[2.602s] Level 5:colcon.colcon_core.verb:set package 'robotic_arms_control' build argument 'cmake_target' from command line to 'None'
[2.602s] Level 5:colcon.colcon_core.verb:set package 'robotic_arms_control' build argument 'cmake_target_skip_unavailable' from command line to 'False'
[2.602s] Level 5:colcon.colcon_core.verb:set package 'robotic_arms_control' build argument 'cmake_clean_cache' from command line to 'False'
[2.602s] Level 5:colcon.colcon_core.verb:set package 'robotic_arms_control' build argument 'cmake_clean_first' from command line to 'False'
[2.602s] Level 5:colcon.colcon_core.verb:set package 'robotic_arms_control' build argument 'cmake_force_configure' from command line to 'False'
[2.602s] Level 5:colcon.colcon_core.verb:set package 'robotic_arms_control' build argument 'ament_cmake_args' from command line to 'None'
[2.602s] Level 5:colcon.colcon_core.verb:set package 'robotic_arms_control' build argument 'catkin_cmake_args' from command line to 'None'
[2.602s] Level 5:colcon.colcon_core.verb:set package 'robotic_arms_control' build argument 'catkin_skip_building_tests' from command line to 'False'
[2.602s] DEBUG:colcon.colcon_core.verb:Building package 'robotic_arms_control' with the following arguments: {'ament_cmake_args': None, 'build_base': '/root/freefleet_ws/UR5_AMR_CL_4/build/robotic_arms_control', 'catkin_cmake_args': None, 'catkin_skip_building_tests': False, 'cmake_args': None, 'cmake_clean_cache': False, 'cmake_clean_first': False, 'cmake_force_configure': False, 'cmake_target': None, 'cmake_target_skip_unavailable': False, 'install_base': '/root/freefleet_ws/UR5_AMR_CL_4/install/robotic_arms_control', 'merge_install': False, 'path': '/root/freefleet_ws/UR5_AMR_CL_4/src/robotic_arms_control', 'symlink_install': True, 'test_result_base': None}
[2.603s] INFO:colcon.colcon_core.executor:Executing jobs using 'parallel' executor
[2.603s] DEBUG:colcon.colcon_parallel_executor.executor.parallel:run_until_complete
[2.603s] INFO:colcon.colcon_ros.task.ament_python.build:Building ROS package in '/root/freefleet_ws/UR5_AMR_CL_4/src/robotic_arms_control' with build type 'ament_python'
[2.603s] Level 1:colcon.colcon_core.shell:create_environment_hook('robotic_arms_control', 'ament_prefix_path')
[2.609s] INFO:colcon.colcon_core.plugin_system:Skipping extension 'colcon_core.shell.bat': Not used on non-Windows systems
[2.609s] INFO:colcon.colcon_core.shell:Creating environment hook '/root/freefleet_ws/UR5_AMR_CL_4/install/robotic_arms_control/share/robotic_arms_control/hook/ament_prefix_path.ps1'
[2.610s] INFO:colcon.colcon_core.shell:Creating environment descriptor '/root/freefleet_ws/UR5_AMR_CL_4/install/robotic_arms_control/share/robotic_arms_control/hook/ament_prefix_path.dsv'
[2.610s] INFO:colcon.colcon_core.shell:Creating environment hook '/root/freefleet_ws/UR5_AMR_CL_4/install/robotic_arms_control/share/robotic_arms_control/hook/ament_prefix_path.sh'
[2.611s] INFO:colcon.colcon_core.shell:Skip shell extension 'powershell' for command environment: Not usable outside of PowerShell
[2.611s] DEBUG:colcon.colcon_core.shell:Skip shell extension 'dsv' for command environment
[2.811s] INFO:colcon.colcon_core.task.python.build:Building Python package in '/root/freefleet_ws/UR5_AMR_CL_4/src/robotic_arms_control'
[2.812s] INFO:colcon.colcon_core.shell:Skip shell extension 'powershell' for command environment: Not usable outside of PowerShell
[2.812s] DEBUG:colcon.colcon_core.shell:Skip shell extension 'dsv' for command environment
[6.023s] DEBUG:colcon.colcon_core.event_handler.log_command:Invoking command in '/root/freefleet_ws/UR5_AMR_CL_4/build/robotic_arms_control': PYTHONPATH=/root/freefleet_ws/UR5_AMR_CL_4/build/robotic_arms_control/prefix_override:/usr/lib/python3/dist-packages/colcon_core/task/python/colcon_distutils_commands:/root/freefleet_ws/UR5_AMR_CL_4/install/robotic_arms_control/lib/python3.12/site-packages:${PYTHONPATH} /usr/bin/python3 -W ignore:setup.py install is deprecated -W ignore:easy_install command is deprecated setup.py develop --editable --build-directory /root/freefleet_ws/UR5_AMR_CL_4/build/robotic_arms_control/build --no-deps symlink_data
[6.661s] Level 1:colcon.colcon_core.shell:create_environment_hook('robotic_arms_control', 'pythonpath_develop')
[6.662s] INFO:colcon.colcon_core.shell:Creating environment hook '/root/freefleet_ws/UR5_AMR_CL_4/build/robotic_arms_control/share/robotic_arms_control/hook/pythonpath_develop.ps1'
[6.662s] DEBUG:colcon.colcon_core.event_handler.log_command:Invoked command in '/root/freefleet_ws/UR5_AMR_CL_4/build/robotic_arms_control' returned '0': PYTHONPATH=/root/freefleet_ws/UR5_AMR_CL_4/build/robotic_arms_control/prefix_override:/usr/lib/python3/dist-packages/colcon_core/task/python/colcon_distutils_commands:/root/freefleet_ws/UR5_AMR_CL_4/install/robotic_arms_control/lib/python3.12/site-packages:${PYTHONPATH} /usr/bin/python3 -W ignore:setup.py install is deprecated -W ignore:easy_install command is deprecated setup.py develop --editable --build-directory /root/freefleet_ws/UR5_AMR_CL_4/build/robotic_arms_control/build --no-deps symlink_data
[6.662s] INFO:colcon.colcon_core.shell:Creating environment descriptor '/root/freefleet_ws/UR5_AMR_CL_4/build/robotic_arms_control/share/robotic_arms_control/hook/pythonpath_develop.dsv'
[6.663s] INFO:colcon.colcon_core.shell:Creating environment hook '/root/freefleet_ws/UR5_AMR_CL_4/build/robotic_arms_control/share/robotic_arms_control/hook/pythonpath_develop.sh'
[6.668s] Level 1:colcon.colcon_core.environment:checking '/root/freefleet_ws/UR5_AMR_CL_4/install/robotic_arms_control' for CMake module files
[6.668s] Level 1:colcon.colcon_core.environment:checking '/root/freefleet_ws/UR5_AMR_CL_4/install/robotic_arms_control' for CMake config files
[6.669s] Level 1:colcon.colcon_core.environment:checking '/root/freefleet_ws/UR5_AMR_CL_4/install/robotic_arms_control/lib'
[6.669s] Level 1:colcon.colcon_core.environment:checking '/root/freefleet_ws/UR5_AMR_CL_4/install/robotic_arms_control/bin'
[6.669s] Level 1:colcon.colcon_core.environment:checking '/root/freefleet_ws/UR5_AMR_CL_4/install/robotic_arms_control/lib/pkgconfig/robotic_arms_control.pc'
[6.669s] Level 1:colcon.colcon_core.environment:checking '/root/freefleet_ws/UR5_AMR_CL_4/install/robotic_arms_control/lib/python3.12/site-packages'
[6.670s] Level 1:colcon.colcon_core.shell:create_environment_hook('robotic_arms_control', 'pythonpath')
[6.670s] INFO:colcon.colcon_core.shell:Creating environment hook '/root/freefleet_ws/UR5_AMR_CL_4/install/robotic_arms_control/share/robotic_arms_control/hook/pythonpath.ps1'
[6.670s] INFO:colcon.colcon_core.shell:Creating environment descriptor '/root/freefleet_ws/UR5_AMR_CL_4/install/robotic_arms_control/share/robotic_arms_control/hook/pythonpath.dsv'
[6.670s] INFO:colcon.colcon_core.shell:Creating environment hook '/root/freefleet_ws/UR5_AMR_CL_4/install/robotic_arms_control/share/robotic_arms_control/hook/pythonpath.sh'
[6.671s] Level 1:colcon.colcon_core.environment:checking '/root/freefleet_ws/UR5_AMR_CL_4/install/robotic_arms_control/bin'
[6.671s] Level 1:colcon.colcon_core.environment:create_environment_scripts_only(robotic_arms_control)
[6.671s] INFO:colcon.colcon_core.shell:Creating package script '/root/freefleet_ws/UR5_AMR_CL_4/install/robotic_arms_control/share/robotic_arms_control/package.ps1'
[6.672s] INFO:colcon.colcon_core.shell:Creating package descriptor '/root/freefleet_ws/UR5_AMR_CL_4/install/robotic_arms_control/share/robotic_arms_control/package.dsv'
[6.673s] INFO:colcon.colcon_core.shell:Creating package script '/root/freefleet_ws/UR5_AMR_CL_4/install/robotic_arms_control/share/robotic_arms_control/package.sh'
[6.673s] INFO:colcon.colcon_core.shell:Creating package script '/root/freefleet_ws/UR5_AMR_CL_4/install/robotic_arms_control/share/robotic_arms_control/package.bash'
[6.674s] INFO:colcon.colcon_core.shell:Creating package script '/root/freefleet_ws/UR5_AMR_CL_4/install/robotic_arms_control/share/robotic_arms_control/package.zsh'
[6.675s] Level 1:colcon.colcon_core.environment:create_file_with_runtime_dependencies(/root/freefleet_ws/UR5_AMR_CL_4/install/robotic_arms_control/share/colcon-core/packages/robotic_arms_control)
[6.675s] DEBUG:colcon.colcon_parallel_executor.executor.parallel:closing loop
[6.675s] DEBUG:colcon.colcon_parallel_executor.executor.parallel:loop closed
[6.675s] DEBUG:colcon.colcon_parallel_executor.executor.parallel:run_until_complete finished with '0'
[6.675s] DEBUG:colcon.colcon_core.event_reactor:joining thread
[6.737s] INFO:colcon.colcon_core.plugin_system:Skipping extension 'colcon_notification.desktop_notification.notify_send': Could not find 'notify-send'
[6.737s] INFO:colcon.colcon_core.plugin_system:Skipping extension 'colcon_notification.desktop_notification.terminal_notifier': Not used on non-Darwin systems
[6.737s] INFO:colcon.colcon_core.plugin_system:Skipping extension 'colcon_notification.desktop_notification.win32': Not used on non-Windows systems
[6.737s] INFO:colcon.colcon_notification.desktop_notification:Sending desktop notification using 'notify2'
[6.815s] DEBUG:colcon.colcon_notification.desktop_notification.notify2:Failed to initialize notify2: org.freedesktop.DBus.Error.Spawn.ExecFailed: /usr/bin/dbus-launch terminated abnormally without any error message
[6.815s] DEBUG:colcon.colcon_core.event_reactor:joined thread
[6.816s] INFO:colcon.colcon_core.shell:Creating prefix script '/root/freefleet_ws/UR5_AMR_CL_4/install/local_setup.ps1'
[6.817s] INFO:colcon.colcon_core.shell:Creating prefix util module '/root/freefleet_ws/UR5_AMR_CL_4/install/_local_setup_util_ps1.py'
[6.818s] INFO:colcon.colcon_core.shell:Creating prefix chain script '/root/freefleet_ws/UR5_AMR_CL_4/install/setup.ps1'
[6.820s] INFO:colcon.colcon_core.shell:Creating prefix script '/root/freefleet_ws/UR5_AMR_CL_4/install/local_setup.sh'
[6.820s] INFO:colcon.colcon_core.shell:Creating prefix util module '/root/freefleet_ws/UR5_AMR_CL_4/install/_local_setup_util_sh.py'
[6.821s] INFO:colcon.colcon_core.shell:Creating prefix chain script '/root/freefleet_ws/UR5_AMR_CL_4/install/setup.sh'
[6.822s] INFO:colcon.colcon_core.shell:Creating prefix script '/root/freefleet_ws/UR5_AMR_CL_4/install/local_setup.bash'
[6.822s] INFO:colcon.colcon_core.shell:Creating prefix chain script '/root/freefleet_ws/UR5_AMR_CL_4/install/setup.bash'
[6.823s] INFO:colcon.colcon_core.shell:Creating prefix script '/root/freefleet_ws/UR5_AMR_CL_4/install/local_setup.zsh'
[6.824s] INFO:colcon.colcon_core.shell:Creating prefix chain script '/root/freefleet_ws/UR5_AMR_CL_4/install/setup.zsh'
