[0.000000] (-) TimerEvent: {}
[0.000127] (robotic_arms_control) JobQueued: {'identifier': 'robotic_arms_control', 'dependencies': OrderedDict()}
[0.000173] (robotic_arms_control) JobStarted: {'identifier': 'robotic_arms_control'}
[0.099400] (-) TimerEvent: {}
[0.199612] (-) TimerEvent: {}
[0.299809] (-) TimerEvent: {}
[0.400025] (-) TimerEvent: {}
[0.500241] (-) TimerEvent: {}
[0.600458] (-) TimerEvent: {}
[0.700717] (-) TimerEvent: {}
[0.707637] (robotic_arms_control) Command: {'cmd': ['/usr/bin/python3', '-W', 'ignore:setup.py install is deprecated', '-W', 'ignore:easy_install command is deprecated', 'setup.py', 'develop', '--editable', '--build-directory', '/root/freefleet_ws/UR5_AMR_CL_4/build/robotic_arms_control/build', '--no-deps', 'symlink_data'], 'cwd': '/root/freefleet_ws/UR5_AMR_CL_4/build/robotic_arms_control', 'env': {'GZ_SIM_RESOURCE_PATH': '/opt/ros/jazzy/share', 'GZ_CONFIG_PATH': '/opt/ros/jazzy/opt/gz_sim_vendor/share/gz:/opt/ros/jazzy/opt/sdformat_vendor/share/gz:/opt/ros/jazzy/opt/gz_gui_vendor/share/gz:/opt/ros/jazzy/opt/gz_transport_vendor/share/gz:/opt/ros/jazzy/opt/gz_rendering_vendor/share/gz:/opt/ros/jazzy/opt/gz_plugin_vendor/share/gz:/opt/ros/jazzy/opt/gz_fuel_tools_vendor/share/gz:/opt/ros/jazzy/opt/gz_msgs_vendor/share/gz:/opt/ros/jazzy/opt/gz_common_vendor/share/gz', 'HOSTNAME': 'vishal-IdeaPad-Gaming-3-15ACH6', 'SHLVL': '1', 'LD_LIBRARY_PATH': '/opt/ros/jazzy/opt/gz_sim_vendor/lib:/opt/ros/jazzy/opt/gz_sensors_vendor/lib:/opt/ros/jazzy/opt/gz_physics_vendor/lib:/opt/ros/jazzy/opt/sdformat_vendor/lib:/opt/ros/jazzy/opt/rviz_ogre_vendor/lib:/opt/ros/jazzy/lib/x86_64-linux-gnu:/opt/ros/jazzy/opt/gz_gui_vendor/lib:/opt/ros/jazzy/opt/gz_transport_vendor/lib:/opt/ros/jazzy/opt/gz_rendering_vendor/lib:/opt/ros/jazzy/opt/gz_plugin_vendor/lib:/opt/ros/jazzy/opt/gz_fuel_tools_vendor/lib:/opt/ros/jazzy/opt/gz_msgs_vendor/lib:/opt/ros/jazzy/opt/gz_common_vendor/lib:/opt/ros/jazzy/opt/gz_math_vendor/lib:/opt/ros/jazzy/opt/gz_utils_vendor/lib:/opt/ros/jazzy/opt/gz_tools_vendor/lib:/opt/ros/jazzy/opt/gz_ogre_next_vendor/lib:/opt/ros/jazzy/opt/gz_dartsim_vendor/lib:/opt/ros/jazzy/opt/gz_cmake_vendor/lib:/opt/ros/jazzy/lib', 'HOME': '/root', 'OLDPWD': '/root/freefleet_ws/UR5_AMR_CL_4/src/robotic_arms_control', 'ROS_PYTHON_VERSION': '3', 'COLCON_PREFIX_PATH': '/root/freefleet_ws/UR5_AMR_CL_4/install:/root/freefleet_ws/UR5_AMR_CL_2/install', 'ROS_DISTRO': 'jazzy', '_': '/usr/bin/colcon', 'ROS_VERSION': '2', 'TERM': 'xterm', 'GAZEBO_MODEL_PATH': '/root/freefleet_ws/UR5_AMR_CL_2/install/robotic_arms_control/share/robotic_arms_control:/root/freefleet_ws/UR5_AMR_CL_2/src/robotic_arms_control/meshes:/root/freefleet_ws/UR5_AMR_CL_2/src/ur5_description:/root/freefleet_ws/UR5_AMR_CL_2/install/ur5_description/share/ur5_description:/root/freefleet_ws/UR5_AMR_CL_2/install/robotic_arms_control/share/robotic_arms_control:/root/freefleet_ws/UR5_AMR_CL_2/install/robotic_arms_control/share/robotic_arms_control:/root/freefleet_ws/UR5_AMR_CL_4/install/robotic_arms_control/share/robotic_arms_control', 'QT_X11_NO_MITSHM': '1', 'PATH': '/opt/ros/jazzy/opt/gz_msgs_vendor/bin:/opt/ros/jazzy/opt/gz_tools_vendor/bin:/opt/ros/jazzy/opt/gz_ogre_next_vendor/bin:/opt/ros/jazzy/bin:/usr/local/sbin:/usr/local/bin:/usr/sbin:/usr/bin:/sbin:/bin', 'DISPLAY': ':0', 'LANG': 'en_US.UTF-8', 'AMENT_PREFIX_PATH': '/root/freefleet_ws/UR5_AMR_CL_4/install/robotic_arms_control:/root/freefleet_ws/UR5_AMR_CL_2/install/robotic_arms_control:/opt/ros/jazzy', 'DEBIAN_FRONTEND': 'noninteractive', 'ROS_AUTOMATIC_DISCOVERY_RANGE': 'SUBNET', 'PWD': '/root/freefleet_ws/UR5_AMR_CL_4/build/robotic_arms_control', 'LC_ALL': 'en_US.UTF-8', 'PYTHONPATH': '/root/freefleet_ws/UR5_AMR_CL_4/build/robotic_arms_control/prefix_override:/usr/lib/python3/dist-packages/colcon_core/task/python/colcon_distutils_commands:/root/freefleet_ws/UR5_AMR_CL_4/install/robotic_arms_control/lib/python3.12/site-packages:/root/freefleet_ws/UR5_AMR_CL_4/build/robotic_arms_control:/root/freefleet_ws/UR5_AMR_CL_4/install/robotic_arms_control/lib/python3.12/site-packages:/root/freefleet_ws/UR5_AMR_CL_2/build/robotic_arms_control:/root/freefleet_ws/UR5_AMR_CL_2/install/robotic_arms_control/lib/python3.12/site-packages:/root/freefleet_ws/UR5_AMR_CL_2/install/robotic_arms_control/lib/python3.10/site-packages:/root/freefleet_ws/install/robotic_arms_control/lib/python3.12/site-packages:/opt/ros/jazzy/lib/python/site-packages:/opt/ros/jazzy/lib/python3.12/site-packages', 'COLCON': '1', 'CMAKE_PREFIX_PATH': '/opt/ros/jazzy/opt/gz_sim_vendor:/opt/ros/jazzy/opt/gz_sensors_vendor:/opt/ros/jazzy/opt/gz_physics_vendor:/opt/ros/jazzy/opt/sdformat_vendor:/opt/ros/jazzy/opt/gz_gui_vendor:/opt/ros/jazzy/opt/gz_transport_vendor:/opt/ros/jazzy/opt/gz_rendering_vendor:/opt/ros/jazzy/opt/gz_plugin_vendor:/opt/ros/jazzy/opt/gz_fuel_tools_vendor:/opt/ros/jazzy/opt/gz_msgs_vendor:/opt/ros/jazzy/opt/gz_common_vendor:/opt/ros/jazzy/opt/gz_math_vendor:/opt/ros/jazzy/opt/gz_utils_vendor:/opt/ros/jazzy/opt/gz_tools_vendor:/opt/ros/jazzy/opt/gz_ogre_next_vendor:/opt/ros/jazzy/opt/gz_dartsim_vendor:/opt/ros/jazzy/opt/gz_cmake_vendor'}, 'shell': False}
[0.800792] (-) TimerEvent: {}
[0.901016] (-) TimerEvent: {}
[1.001232] (-) TimerEvent: {}
[1.001984] (robotic_arms_control) StdoutLine: {'line': b'running develop\n'}
[1.101309] (-) TimerEvent: {}
[1.199038] (robotic_arms_control) StdoutLine: {'line': b'running egg_info\n'}
[1.201387] (-) TimerEvent: {}
[1.216089] (robotic_arms_control) StdoutLine: {'line': b'writing robotic_arms_control.egg-info/PKG-INFO\n'}
[1.216361] (robotic_arms_control) StdoutLine: {'line': b'writing dependency_links to robotic_arms_control.egg-info/dependency_links.txt\n'}
[1.216599] (robotic_arms_control) StdoutLine: {'line': b'writing entry points to robotic_arms_control.egg-info/entry_points.txt\n'}
[1.216784] (robotic_arms_control) StdoutLine: {'line': b'writing requirements to robotic_arms_control.egg-info/requires.txt\n'}
[1.216930] (robotic_arms_control) StdoutLine: {'line': b'writing top-level names to robotic_arms_control.egg-info/top_level.txt\n'}
[1.252119] (robotic_arms_control) StdoutLine: {'line': b"reading manifest file 'robotic_arms_control.egg-info/SOURCES.txt'\n"}
[1.252708] (robotic_arms_control) StdoutLine: {'line': b"writing manifest file 'robotic_arms_control.egg-info/SOURCES.txt'\n"}
[1.271273] (robotic_arms_control) StdoutLine: {'line': b'running build_ext\n'}
[1.271465] (robotic_arms_control) StdoutLine: {'line': b'Creating /root/freefleet_ws/UR5_AMR_CL_4/install/robotic_arms_control/lib/python3.12/site-packages/robotic-arms-control.egg-link (link to .)\n'}
[1.272083] (robotic_arms_control) StdoutLine: {'line': b'Installing joint_state_controller_test script to /root/freefleet_ws/UR5_AMR_CL_4/install/robotic_arms_control/lib/robotic_arms_control\n'}
[1.272312] (robotic_arms_control) StdoutLine: {'line': b'Installing jtc_multi_goals script to /root/freefleet_ws/UR5_AMR_CL_4/install/robotic_arms_control/lib/robotic_arms_control\n'}
[1.272448] (robotic_arms_control) StdoutLine: {'line': b'Installing kinematic_solver_IK script to /root/freefleet_ws/UR5_AMR_CL_4/install/robotic_arms_control/lib/robotic_arms_control\n'}
[1.272694] (robotic_arms_control) StdoutLine: {'line': b'Installing transform_publisher script to /root/freefleet_ws/UR5_AMR_CL_4/install/robotic_arms_control/lib/robotic_arms_control\n'}
[1.272853] (robotic_arms_control) StdoutLine: {'line': b'\n'}
[1.272954] (robotic_arms_control) StdoutLine: {'line': b'Installed /root/freefleet_ws/UR5_AMR_CL_4/build/robotic_arms_control\n'}
[1.273091] (robotic_arms_control) StdoutLine: {'line': b'running symlink_data\n'}
[1.301457] (robotic_arms_control) CommandEnded: {'returncode': 0}
[1.302034] (-) TimerEvent: {}
[1.310857] (robotic_arms_control) JobEnded: {'identifier': 'robotic_arms_control', 'rc': 0}
[1.311410] (-) EventReactorShutdown: {}
